2021-05-03 13:07:06 [main] INFO  c.m.d.t.t.k.s.TwitterToKafkaServiceApplication - Starting TwitterToKafkaServiceApplication using Java 14.0.1 on YANs-MacBook-Pro.local with PID 28895 (/Users/yanshen/Documents/05 Career/code/spring.kafka.elastic/twitter-to-kafka-service/target/classes started by yanshen in /Users/yanshen/Documents/05 Career/code/spring.kafka.elastic)
2021-05-03 13:07:06 [main] INFO  c.m.d.t.t.k.s.TwitterToKafkaServiceApplication - No active profile set, falling back to default profiles: default
2021-05-03 13:07:06 [background-preinit] WARN  o.s.h.c.j.Jackson2ObjectMapperBuilder - For Jackson Kotlin classes support please add "com.fasterxml.jackson.module:jackson-module-kotlin" to the classpath
2021-05-03 13:07:07 [main] WARN  o.s.b.w.r.c.AnnotationConfigReactiveWebServerApplicationContext - Exception encountered during context initialization - cancelling refresh attempt: org.springframework.beans.factory.UnsatisfiedDependencyException: Error creating bean with name 'twitterToKafkaServiceApplication': Unsatisfied dependency expressed through constructor parameter 1; nested exception is org.springframework.beans.factory.UnsatisfiedDependencyException: Error creating bean with name 'kafkaStreamInitializer' defined in file [/Users/yanshen/Documents/05 Career/code/spring.kafka.elastic/twitter-to-kafka-service/target/classes/com/microservices/demo/twitter/to/kafka/service/init/impl/KafkaStreamInitializer.class]: Unsatisfied dependency expressed through constructor parameter 1; nested exception is org.springframework.beans.factory.NoSuchBeanDefinitionException: No qualifying bean of type 'KafkaAdminClient' available: expected at least 1 bean which qualifies as autowire candidate. Dependency annotations: {}
2021-05-03 13:07:07 [main] INFO  o.s.b.a.l.ConditionEvaluationReportLoggingListener - 

Error starting ApplicationContext. To display the conditions report re-run your application with 'debug' enabled.
2021-05-03 13:07:07 [main] ERROR o.s.b.d.LoggingFailureAnalysisReporter - 

***************************
APPLICATION FAILED TO START
***************************

Description:

Parameter 1 of constructor in com.microservices.demo.twitter.to.kafka.service.init.impl.KafkaStreamInitializer required a bean of type 'KafkaAdminClient' that could not be found.


Action:

Consider defining a bean of type 'KafkaAdminClient' in your configuration.

2021-05-03 13:11:58 [main] INFO  c.m.d.t.t.k.s.TwitterToKafkaServiceApplication - Starting TwitterToKafkaServiceApplication using Java 14.0.1 on YANs-MacBook-Pro.local with PID 28931 (/Users/yanshen/Documents/05 Career/code/spring.kafka.elastic/twitter-to-kafka-service/target/classes started by yanshen in /Users/yanshen/Documents/05 Career/code/spring.kafka.elastic)
2021-05-03 13:11:58 [main] INFO  c.m.d.t.t.k.s.TwitterToKafkaServiceApplication - No active profile set, falling back to default profiles: default
2021-05-03 13:11:58 [background-preinit] WARN  o.s.h.c.j.Jackson2ObjectMapperBuilder - For Jackson Kotlin classes support please add "com.fasterxml.jackson.module:jackson-module-kotlin" to the classpath
2021-05-03 13:11:59 [main] WARN  o.s.b.w.r.c.AnnotationConfigReactiveWebServerApplicationContext - Exception encountered during context initialization - cancelling refresh attempt: org.springframework.beans.factory.UnsatisfiedDependencyException: Error creating bean with name 'twitterToKafkaServiceApplication': Unsatisfied dependency expressed through constructor parameter 1; nested exception is org.springframework.beans.factory.UnsatisfiedDependencyException: Error creating bean with name 'kafkaStreamInitializer' defined in file [/Users/yanshen/Documents/05 Career/code/spring.kafka.elastic/twitter-to-kafka-service/target/classes/com/microservices/demo/twitter/to/kafka/service/init/impl/KafkaStreamInitializer.class]: Unsatisfied dependency expressed through constructor parameter 1; nested exception is org.springframework.beans.factory.NoSuchBeanDefinitionException: No qualifying bean of type 'KafkaAdminClient' available: expected at least 1 bean which qualifies as autowire candidate. Dependency annotations: {}
2021-05-03 13:11:59 [main] INFO  o.s.b.a.l.ConditionEvaluationReportLoggingListener - 

Error starting ApplicationContext. To display the conditions report re-run your application with 'debug' enabled.
2021-05-03 13:12:00 [main] ERROR o.s.b.d.LoggingFailureAnalysisReporter - 

***************************
APPLICATION FAILED TO START
***************************

Description:

Parameter 1 of constructor in com.microservices.demo.twitter.to.kafka.service.init.impl.KafkaStreamInitializer required a bean of type 'KafkaAdminClient' that could not be found.


Action:

Consider defining a bean of type 'KafkaAdminClient' in your configuration.

2021-05-03 13:29:51 [main] INFO  c.m.d.t.t.k.s.TwitterToKafkaServiceApplication - Starting TwitterToKafkaServiceApplication using Java 14.0.1 on YANs-MacBook-Pro.local with PID 29051 (/Users/yanshen/Documents/05 Career/code/spring.kafka.elastic/twitter-to-kafka-service/target/classes started by yanshen in /Users/yanshen/Documents/05 Career/code/spring.kafka.elastic)
2021-05-03 13:29:51 [main] INFO  c.m.d.t.t.k.s.TwitterToKafkaServiceApplication - No active profile set, falling back to default profiles: default
2021-05-03 13:29:51 [background-preinit] WARN  o.s.h.c.j.Jackson2ObjectMapperBuilder - For Jackson Kotlin classes support please add "com.fasterxml.jackson.module:jackson-module-kotlin" to the classpath
2021-05-03 13:29:52 [main] WARN  o.s.b.w.r.c.AnnotationConfigReactiveWebServerApplicationContext - Exception encountered during context initialization - cancelling refresh attempt: org.springframework.beans.factory.UnsatisfiedDependencyException: Error creating bean with name 'twitterToKafkaServiceApplication': Unsatisfied dependency expressed through constructor parameter 1; nested exception is org.springframework.beans.factory.UnsatisfiedDependencyException: Error creating bean with name 'kafkaStreamInitializer' defined in file [/Users/yanshen/Documents/05 Career/code/spring.kafka.elastic/twitter-to-kafka-service/target/classes/com/microservices/demo/twitter/to/kafka/service/init/impl/KafkaStreamInitializer.class]: Unsatisfied dependency expressed through constructor parameter 1; nested exception is org.springframework.beans.factory.NoSuchBeanDefinitionException: No qualifying bean of type 'KafkaAdminClient' available: expected at least 1 bean which qualifies as autowire candidate. Dependency annotations: {}
2021-05-03 13:29:52 [main] INFO  o.s.b.a.l.ConditionEvaluationReportLoggingListener - 

Error starting ApplicationContext. To display the conditions report re-run your application with 'debug' enabled.
2021-05-03 13:29:52 [main] ERROR o.s.b.d.LoggingFailureAnalysisReporter - 

***************************
APPLICATION FAILED TO START
***************************

Description:

Parameter 1 of constructor in com.microservices.demo.twitter.to.kafka.service.init.impl.KafkaStreamInitializer required a bean of type 'KafkaAdminClient' that could not be found.


Action:

Consider defining a bean of type 'KafkaAdminClient' in your configuration.

2021-05-03 13:32:41 [main] INFO  c.m.d.t.t.k.s.TwitterToKafkaServiceApplication - Starting TwitterToKafkaServiceApplication using Java 14.0.1 on YANs-MacBook-Pro.local with PID 29071 (/Users/yanshen/Documents/05 Career/code/spring.kafka.elastic/twitter-to-kafka-service/target/classes started by yanshen in /Users/yanshen/Documents/05 Career/code/spring.kafka.elastic)
2021-05-03 13:32:41 [main] INFO  c.m.d.t.t.k.s.TwitterToKafkaServiceApplication - No active profile set, falling back to default profiles: default
2021-05-03 13:32:41 [background-preinit] WARN  o.s.h.c.j.Jackson2ObjectMapperBuilder - For Jackson Kotlin classes support please add "com.fasterxml.jackson.module:jackson-module-kotlin" to the classpath
2021-05-03 13:32:42 [main] WARN  o.s.b.w.r.c.AnnotationConfigReactiveWebServerApplicationContext - Exception encountered during context initialization - cancelling refresh attempt: org.springframework.beans.factory.UnsatisfiedDependencyException: Error creating bean with name 'twitterToKafkaServiceApplication': Unsatisfied dependency expressed through constructor parameter 1; nested exception is org.springframework.beans.factory.UnsatisfiedDependencyException: Error creating bean with name 'kafkaStreamInitializer' defined in file [/Users/yanshen/Documents/05 Career/code/spring.kafka.elastic/twitter-to-kafka-service/target/classes/com/microservices/demo/twitter/to/kafka/service/init/impl/KafkaStreamInitializer.class]: Unsatisfied dependency expressed through constructor parameter 1; nested exception is org.springframework.beans.factory.NoSuchBeanDefinitionException: No qualifying bean of type 'KafkaAdminClient' available: expected at least 1 bean which qualifies as autowire candidate. Dependency annotations: {}
2021-05-03 13:32:42 [main] INFO  o.s.b.a.l.ConditionEvaluationReportLoggingListener - 

Error starting ApplicationContext. To display the conditions report re-run your application with 'debug' enabled.
2021-05-03 13:32:42 [main] ERROR o.s.b.d.LoggingFailureAnalysisReporter - 

***************************
APPLICATION FAILED TO START
***************************

Description:

Parameter 1 of constructor in com.microservices.demo.twitter.to.kafka.service.init.impl.KafkaStreamInitializer required a bean of type 'KafkaAdminClient' that could not be found.


Action:

Consider defining a bean of type 'KafkaAdminClient' in your configuration.

2021-05-03 13:36:35 [main] INFO  c.m.d.t.t.k.s.TwitterToKafkaServiceApplication - Starting TwitterToKafkaServiceApplication using Java 14.0.1 on YANs-MacBook-Pro.local with PID 29083 (/Users/yanshen/Documents/05 Career/code/spring.kafka.elastic/twitter-to-kafka-service/target/classes started by yanshen in /Users/yanshen/Documents/05 Career/code/spring.kafka.elastic)
2021-05-03 13:36:35 [main] INFO  c.m.d.t.t.k.s.TwitterToKafkaServiceApplication - No active profile set, falling back to default profiles: default
2021-05-03 13:36:35 [background-preinit] WARN  o.s.h.c.j.Jackson2ObjectMapperBuilder - For Jackson Kotlin classes support please add "com.fasterxml.jackson.module:jackson-module-kotlin" to the classpath
2021-05-03 13:36:36 [main] WARN  o.s.b.w.r.c.AnnotationConfigReactiveWebServerApplicationContext - Exception encountered during context initialization - cancelling refresh attempt: org.springframework.beans.factory.UnsatisfiedDependencyException: Error creating bean with name 'twitterToKafkaServiceApplication': Unsatisfied dependency expressed through constructor parameter 1; nested exception is org.springframework.beans.factory.UnsatisfiedDependencyException: Error creating bean with name 'kafkaStreamInitializer' defined in file [/Users/yanshen/Documents/05 Career/code/spring.kafka.elastic/twitter-to-kafka-service/target/classes/com/microservices/demo/twitter/to/kafka/service/init/impl/KafkaStreamInitializer.class]: Unsatisfied dependency expressed through constructor parameter 1; nested exception is org.springframework.beans.factory.NoSuchBeanDefinitionException: No qualifying bean of type 'KafkaAdminClient' available: expected at least 1 bean which qualifies as autowire candidate. Dependency annotations: {}
2021-05-03 13:36:36 [main] INFO  o.s.b.a.l.ConditionEvaluationReportLoggingListener - 

Error starting ApplicationContext. To display the conditions report re-run your application with 'debug' enabled.
2021-05-03 13:36:37 [main] ERROR o.s.b.d.LoggingFailureAnalysisReporter - 

***************************
APPLICATION FAILED TO START
***************************

Description:

Parameter 1 of constructor in com.microservices.demo.twitter.to.kafka.service.init.impl.KafkaStreamInitializer required a bean of type 'KafkaAdminClient' that could not be found.


Action:

Consider defining a bean of type 'KafkaAdminClient' in your configuration.

2021-05-03 13:45:04 [main] INFO  c.m.d.t.t.k.s.TwitterToKafkaServiceApplication - Starting TwitterToKafkaServiceApplication using Java 14.0.1 on YANs-MacBook-Pro.local with PID 29182 (/Users/yanshen/Documents/05 Career/code/spring.kafka.elastic/twitter-to-kafka-service/target/classes started by yanshen in /Users/yanshen/Documents/05 Career/code/spring.kafka.elastic)
2021-05-03 13:45:04 [main] INFO  c.m.d.t.t.k.s.TwitterToKafkaServiceApplication - No active profile set, falling back to default profiles: default
2021-05-03 13:45:04 [background-preinit] WARN  o.s.h.c.j.Jackson2ObjectMapperBuilder - For Jackson Kotlin classes support please add "com.fasterxml.jackson.module:jackson-module-kotlin" to the classpath
2021-05-03 13:45:05 [main] WARN  o.s.b.w.r.c.AnnotationConfigReactiveWebServerApplicationContext - Exception encountered during context initialization - cancelling refresh attempt: org.springframework.beans.factory.parsing.BeanDefinitionParsingException: Configuration problem: @Bean method 'adminClient' must not be private or final; change the method's modifiers to continue
Offending resource: class path resource [com/microservice/kafka/admin/config/KafkaAdminConfig.class]
2021-05-03 13:45:05 [main] INFO  o.s.b.a.l.ConditionEvaluationReportLoggingListener - 

Error starting ApplicationContext. To display the conditions report re-run your application with 'debug' enabled.
2021-05-03 13:45:05 [main] ERROR o.s.boot.SpringApplication - Application run failed
org.springframework.beans.factory.parsing.BeanDefinitionParsingException: Configuration problem: @Bean method 'adminClient' must not be private or final; change the method's modifiers to continue
Offending resource: class path resource [com/microservice/kafka/admin/config/KafkaAdminConfig.class]
	at org.springframework.beans.factory.parsing.FailFastProblemReporter.error(FailFastProblemReporter.java:72)
	at org.springframework.context.annotation.BeanMethod.validate(BeanMethod.java:50)
	at org.springframework.context.annotation.ConfigurationClass.validate(ConfigurationClass.java:220)
	at org.springframework.context.annotation.ConfigurationClassParser.validate(ConfigurationClassParser.java:216)
	at org.springframework.context.annotation.ConfigurationClassPostProcessor.processConfigBeanDefinitions(ConfigurationClassPostProcessor.java:332)
	at org.springframework.context.annotation.ConfigurationClassPostProcessor.postProcessBeanDefinitionRegistry(ConfigurationClassPostProcessor.java:247)
	at org.springframework.context.support.PostProcessorRegistrationDelegate.invokeBeanDefinitionRegistryPostProcessors(PostProcessorRegistrationDelegate.java:311)
	at org.springframework.context.support.PostProcessorRegistrationDelegate.invokeBeanFactoryPostProcessors(PostProcessorRegistrationDelegate.java:112)
	at org.springframework.context.support.AbstractApplicationContext.invokeBeanFactoryPostProcessors(AbstractApplicationContext.java:746)
	at org.springframework.context.support.AbstractApplicationContext.refresh(AbstractApplicationContext.java:564)
	at org.springframework.boot.web.reactive.context.ReactiveWebServerApplicationContext.refresh(ReactiveWebServerApplicationContext.java:63)
	at org.springframework.boot.SpringApplication.refresh(SpringApplication.java:769)
	at org.springframework.boot.SpringApplication.refresh(SpringApplication.java:761)
	at org.springframework.boot.SpringApplication.refreshContext(SpringApplication.java:426)
	at org.springframework.boot.SpringApplication.run(SpringApplication.java:326)
	at org.springframework.boot.SpringApplication.run(SpringApplication.java:1313)
	at org.springframework.boot.SpringApplication.run(SpringApplication.java:1302)
	at com.microservices.demo.twitter.to.kafka.service.TwitterToKafkaServiceApplication.main(TwitterToKafkaServiceApplication.java:29)
2021-05-03 13:45:53 [main] INFO  c.m.d.t.t.k.s.TwitterToKafkaServiceApplication - Starting TwitterToKafkaServiceApplication using Java 14.0.1 on YANs-MacBook-Pro.local with PID 29193 (/Users/yanshen/Documents/05 Career/code/spring.kafka.elastic/twitter-to-kafka-service/target/classes started by yanshen in /Users/yanshen/Documents/05 Career/code/spring.kafka.elastic)
2021-05-03 13:45:53 [main] INFO  c.m.d.t.t.k.s.TwitterToKafkaServiceApplication - No active profile set, falling back to default profiles: default
2021-05-03 13:45:53 [background-preinit] WARN  o.s.h.c.j.Jackson2ObjectMapperBuilder - For Jackson Kotlin classes support please add "com.fasterxml.jackson.module:jackson-module-kotlin" to the classpath
2021-05-03 13:45:54 [main] WARN  o.s.b.w.r.c.AnnotationConfigReactiveWebServerApplicationContext - Exception encountered during context initialization - cancelling refresh attempt: org.springframework.beans.factory.UnsatisfiedDependencyException: Error creating bean with name 'twitterToKafkaServiceApplication': Unsatisfied dependency expressed through constructor parameter 1; nested exception is org.springframework.beans.factory.UnsatisfiedDependencyException: Error creating bean with name 'kafkaStreamInitializer' defined in file [/Users/yanshen/Documents/05 Career/code/spring.kafka.elastic/twitter-to-kafka-service/target/classes/com/microservices/demo/twitter/to/kafka/service/init/impl/KafkaStreamInitializer.class]: Unsatisfied dependency expressed through constructor parameter 1; nested exception is org.springframework.beans.factory.NoSuchBeanDefinitionException: No qualifying bean of type 'KafkaAdminClient' available: expected at least 1 bean which qualifies as autowire candidate. Dependency annotations: {}
2021-05-03 13:45:54 [main] INFO  o.s.b.a.l.ConditionEvaluationReportLoggingListener - 

Error starting ApplicationContext. To display the conditions report re-run your application with 'debug' enabled.
2021-05-03 13:45:54 [main] ERROR o.s.b.d.LoggingFailureAnalysisReporter - 

***************************
APPLICATION FAILED TO START
***************************

Description:

Parameter 1 of constructor in com.microservices.demo.twitter.to.kafka.service.init.impl.KafkaStreamInitializer required a bean of type 'KafkaAdminClient' that could not be found.


Action:

Consider defining a bean of type 'KafkaAdminClient' in your configuration.

2021-05-03 13:47:23 [main] INFO  c.m.d.t.t.k.s.TwitterToKafkaServiceApplication - Starting TwitterToKafkaServiceApplication using Java 14.0.1 on YANs-MacBook-Pro.local with PID 29221 (/Users/yanshen/Documents/05 Career/code/spring.kafka.elastic/twitter-to-kafka-service/target/classes started by yanshen in /Users/yanshen/Documents/05 Career/code/spring.kafka.elastic)
2021-05-03 13:47:23 [main] INFO  c.m.d.t.t.k.s.TwitterToKafkaServiceApplication - No active profile set, falling back to default profiles: default
2021-05-03 13:47:23 [background-preinit] WARN  o.s.h.c.j.Jackson2ObjectMapperBuilder - For Jackson Kotlin classes support please add "com.fasterxml.jackson.module:jackson-module-kotlin" to the classpath
2021-05-03 13:47:24 [main] WARN  o.s.b.w.r.c.AnnotationConfigReactiveWebServerApplicationContext - Exception encountered during context initialization - cancelling refresh attempt: org.springframework.beans.factory.parsing.BeanDefinitionParsingException: Configuration problem: @Bean method 'adminClient' must not be private or final; change the method's modifiers to continue
Offending resource: class path resource [com/microservices/kafka/admin/config/KafkaAdminConfig.class]
2021-05-03 13:47:24 [main] INFO  o.s.b.a.l.ConditionEvaluationReportLoggingListener - 

Error starting ApplicationContext. To display the conditions report re-run your application with 'debug' enabled.
2021-05-03 13:47:24 [main] ERROR o.s.boot.SpringApplication - Application run failed
org.springframework.beans.factory.parsing.BeanDefinitionParsingException: Configuration problem: @Bean method 'adminClient' must not be private or final; change the method's modifiers to continue
Offending resource: class path resource [com/microservices/kafka/admin/config/KafkaAdminConfig.class]
	at org.springframework.beans.factory.parsing.FailFastProblemReporter.error(FailFastProblemReporter.java:72)
	at org.springframework.context.annotation.BeanMethod.validate(BeanMethod.java:50)
	at org.springframework.context.annotation.ConfigurationClass.validate(ConfigurationClass.java:220)
	at org.springframework.context.annotation.ConfigurationClassParser.validate(ConfigurationClassParser.java:216)
	at org.springframework.context.annotation.ConfigurationClassPostProcessor.processConfigBeanDefinitions(ConfigurationClassPostProcessor.java:332)
	at org.springframework.context.annotation.ConfigurationClassPostProcessor.postProcessBeanDefinitionRegistry(ConfigurationClassPostProcessor.java:247)
	at org.springframework.context.support.PostProcessorRegistrationDelegate.invokeBeanDefinitionRegistryPostProcessors(PostProcessorRegistrationDelegate.java:311)
	at org.springframework.context.support.PostProcessorRegistrationDelegate.invokeBeanFactoryPostProcessors(PostProcessorRegistrationDelegate.java:112)
	at org.springframework.context.support.AbstractApplicationContext.invokeBeanFactoryPostProcessors(AbstractApplicationContext.java:746)
	at org.springframework.context.support.AbstractApplicationContext.refresh(AbstractApplicationContext.java:564)
	at org.springframework.boot.web.reactive.context.ReactiveWebServerApplicationContext.refresh(ReactiveWebServerApplicationContext.java:63)
	at org.springframework.boot.SpringApplication.refresh(SpringApplication.java:769)
	at org.springframework.boot.SpringApplication.refresh(SpringApplication.java:761)
	at org.springframework.boot.SpringApplication.refreshContext(SpringApplication.java:426)
	at org.springframework.boot.SpringApplication.run(SpringApplication.java:326)
	at org.springframework.boot.SpringApplication.run(SpringApplication.java:1313)
	at org.springframework.boot.SpringApplication.run(SpringApplication.java:1302)
	at com.microservices.demo.twitter.to.kafka.service.TwitterToKafkaServiceApplication.main(TwitterToKafkaServiceApplication.java:29)
2021-05-03 13:49:36 [main] INFO  c.m.d.t.t.k.s.TwitterToKafkaServiceApplication - Starting TwitterToKafkaServiceApplication using Java 14.0.1 on YANs-MacBook-Pro.local with PID 29237 (/Users/yanshen/Documents/05 Career/code/spring.kafka.elastic/twitter-to-kafka-service/target/classes started by yanshen in /Users/yanshen/Documents/05 Career/code/spring.kafka.elastic)
2021-05-03 13:49:36 [main] INFO  c.m.d.t.t.k.s.TwitterToKafkaServiceApplication - No active profile set, falling back to default profiles: default
2021-05-03 13:49:36 [background-preinit] WARN  o.s.h.c.j.Jackson2ObjectMapperBuilder - For Jackson Kotlin classes support please add "com.fasterxml.jackson.module:jackson-module-kotlin" to the classpath
2021-05-03 13:49:37 [main] WARN  o.s.b.w.r.c.AnnotationConfigReactiveWebServerApplicationContext - Exception encountered during context initialization - cancelling refresh attempt: org.springframework.beans.factory.UnsatisfiedDependencyException: Error creating bean with name 'twitterToKafkaServiceApplication': Unsatisfied dependency expressed through constructor parameter 1; nested exception is org.springframework.beans.factory.UnsatisfiedDependencyException: Error creating bean with name 'kafkaStreamInitializer' defined in file [/Users/yanshen/Documents/05 Career/code/spring.kafka.elastic/twitter-to-kafka-service/target/classes/com/microservices/demo/twitter/to/kafka/service/init/impl/KafkaStreamInitializer.class]: Unsatisfied dependency expressed through constructor parameter 1; nested exception is org.springframework.beans.factory.UnsatisfiedDependencyException: Error creating bean with name 'kafkaAdminClient' defined in file [/Users/yanshen/Documents/05 Career/code/spring.kafka.elastic/kafka/kafka-admin/target/classes/com/microservices/kafka/admin/client/KafkaAdminClient.class]: Unsatisfied dependency expressed through constructor parameter 2; nested exception is org.springframework.beans.factory.NoSuchBeanDefinitionException: No qualifying bean of type 'org.springframework.retry.support.RetryTemplate' available: expected at least 1 bean which qualifies as autowire candidate. Dependency annotations: {}
2021-05-03 13:49:37 [main] INFO  o.s.b.a.l.ConditionEvaluationReportLoggingListener - 

Error starting ApplicationContext. To display the conditions report re-run your application with 'debug' enabled.
2021-05-03 13:49:37 [main] ERROR o.s.b.d.LoggingFailureAnalysisReporter - 

***************************
APPLICATION FAILED TO START
***************************

Description:

Parameter 2 of constructor in com.microservices.kafka.admin.client.KafkaAdminClient required a bean of type 'org.springframework.retry.support.RetryTemplate' that could not be found.


Action:

Consider defining a bean of type 'org.springframework.retry.support.RetryTemplate' in your configuration.

2021-05-03 13:50:18 [main] INFO  c.m.d.t.t.k.s.TwitterToKafkaServiceApplication - Starting TwitterToKafkaServiceApplication using Java 14.0.1 on YANs-MacBook-Pro.local with PID 29249 (/Users/yanshen/Documents/05 Career/code/spring.kafka.elastic/twitter-to-kafka-service/target/classes started by yanshen in /Users/yanshen/Documents/05 Career/code/spring.kafka.elastic)
2021-05-03 13:50:18 [main] INFO  c.m.d.t.t.k.s.TwitterToKafkaServiceApplication - No active profile set, falling back to default profiles: default
2021-05-03 13:50:18 [background-preinit] WARN  o.s.h.c.j.Jackson2ObjectMapperBuilder - For Jackson Kotlin classes support please add "com.fasterxml.jackson.module:jackson-module-kotlin" to the classpath
2021-05-03 13:50:19 [main] INFO  o.a.k.c.admin.AdminClientConfig - AdminClientConfig values: 
	bootstrap.servers = [localhost:19092, localhost:29092, localhost:39092]
	client.dns.lookup = use_all_dns_ips
	client.id = 
	connections.max.idle.ms = 300000
	default.api.timeout.ms = 60000
	metadata.max.age.ms = 300000
	metric.reporters = []
	metrics.num.samples = 2
	metrics.recording.level = INFO
	metrics.sample.window.ms = 30000
	receive.buffer.bytes = 65536
	reconnect.backoff.max.ms = 1000
	reconnect.backoff.ms = 50
	request.timeout.ms = 30000
	retries = 2147483647
	retry.backoff.ms = 100
	sasl.client.callback.handler.class = null
	sasl.jaas.config = null
	sasl.kerberos.kinit.cmd = /usr/bin/kinit
	sasl.kerberos.min.time.before.relogin = 60000
	sasl.kerberos.service.name = null
	sasl.kerberos.ticket.renew.jitter = 0.05
	sasl.kerberos.ticket.renew.window.factor = 0.8
	sasl.login.callback.handler.class = null
	sasl.login.class = null
	sasl.login.refresh.buffer.seconds = 300
	sasl.login.refresh.min.period.seconds = 60
	sasl.login.refresh.window.factor = 0.8
	sasl.login.refresh.window.jitter = 0.05
	sasl.mechanism = GSSAPI
	security.protocol = PLAINTEXT
	security.providers = null
	send.buffer.bytes = 131072
	ssl.cipher.suites = null
	ssl.enabled.protocols = [TLSv1.2, TLSv1.3]
	ssl.endpoint.identification.algorithm = https
	ssl.engine.factory.class = null
	ssl.key.password = null
	ssl.keymanager.algorithm = SunX509
	ssl.keystore.location = null
	ssl.keystore.password = null
	ssl.keystore.type = JKS
	ssl.protocol = TLSv1.3
	ssl.provider = null
	ssl.secure.random.implementation = null
	ssl.trustmanager.algorithm = PKIX
	ssl.truststore.location = null
	ssl.truststore.password = null
	ssl.truststore.type = JKS

2021-05-03 13:50:19 [main] INFO  o.a.kafka.common.utils.AppInfoParser - Kafka version: 2.6.0
2021-05-03 13:50:19 [main] INFO  o.a.kafka.common.utils.AppInfoParser - Kafka commitId: 62abe01bee039651
2021-05-03 13:50:19 [main] INFO  o.a.kafka.common.utils.AppInfoParser - Kafka startTimeMs: 1620064219184
2021-05-03 13:50:19 [main] WARN  o.s.b.w.r.c.AnnotationConfigReactiveWebServerApplicationContext - Exception encountered during context initialization - cancelling refresh attempt: org.springframework.beans.factory.UnsatisfiedDependencyException: Error creating bean with name 'twitterToKafkaServiceApplication': Unsatisfied dependency expressed through constructor parameter 2; nested exception is org.springframework.beans.factory.UnsatisfiedDependencyException: Error creating bean with name 'mockKafkaStreamRunner' defined in file [/Users/yanshen/Documents/05 Career/code/spring.kafka.elastic/twitter-to-kafka-service/target/classes/com/microservices/demo/twitter/to/kafka/service/runner/impl/MockKafkaStreamRunner.class]: Unsatisfied dependency expressed through constructor parameter 1; nested exception is org.springframework.beans.factory.UnsatisfiedDependencyException: Error creating bean with name 'twitterKafkaStatusListener' defined in file [/Users/yanshen/Documents/05 Career/code/spring.kafka.elastic/twitter-to-kafka-service/target/classes/com/microservices/demo/twitter/to/kafka/service/listener/TwitterKafkaStatusListener.class]: Unsatisfied dependency expressed through constructor parameter 1; nested exception is org.springframework.beans.factory.NoSuchBeanDefinitionException: No qualifying bean of type 'KafkaProducer<java.lang.Long, com.microservices.kafka.avro.model.TwitterAvroModel>' available: expected at least 1 bean which qualifies as autowire candidate. Dependency annotations: {}
2021-05-03 13:50:19 [kafka-admin-client-thread | adminclient-1] INFO  o.a.k.c.a.i.AdminMetadataManager - [AdminClient clientId=adminclient-1] Metadata update failed
org.apache.kafka.common.errors.TimeoutException: Call(callName=fetchMetadata, deadlineMs=1620064249191, tries=1, nextAllowedTryMs=-9223372036854775709) timed out at 9223372036854775807 after 1 attempt(s)
Caused by: org.apache.kafka.common.errors.TimeoutException: Timed out waiting to send the call.
2021-05-03 13:50:19 [main] INFO  o.s.b.a.l.ConditionEvaluationReportLoggingListener - 

Error starting ApplicationContext. To display the conditions report re-run your application with 'debug' enabled.
2021-05-03 13:50:19 [main] ERROR o.s.b.d.LoggingFailureAnalysisReporter - 

***************************
APPLICATION FAILED TO START
***************************

Description:

Parameter 1 of constructor in com.microservices.demo.twitter.to.kafka.service.listener.TwitterKafkaStatusListener required a bean of type 'KafkaProducer' that could not be found.


Action:

Consider defining a bean of type 'KafkaProducer' in your configuration.

2021-05-03 13:50:58 [main] INFO  c.m.d.t.t.k.s.TwitterToKafkaServiceApplication - Starting TwitterToKafkaServiceApplication using Java 14.0.1 on YANs-MacBook-Pro.local with PID 29272 (/Users/yanshen/Documents/05 Career/code/spring.kafka.elastic/twitter-to-kafka-service/target/classes started by yanshen in /Users/yanshen/Documents/05 Career/code/spring.kafka.elastic)
2021-05-03 13:50:58 [main] INFO  c.m.d.t.t.k.s.TwitterToKafkaServiceApplication - No active profile set, falling back to default profiles: default
2021-05-03 13:50:58 [background-preinit] WARN  o.s.h.c.j.Jackson2ObjectMapperBuilder - For Jackson Kotlin classes support please add "com.fasterxml.jackson.module:jackson-module-kotlin" to the classpath
2021-05-03 13:50:59 [main] INFO  o.a.k.c.admin.AdminClientConfig - AdminClientConfig values: 
	bootstrap.servers = [localhost:19092, localhost:29092, localhost:39092]
	client.dns.lookup = use_all_dns_ips
	client.id = 
	connections.max.idle.ms = 300000
	default.api.timeout.ms = 60000
	metadata.max.age.ms = 300000
	metric.reporters = []
	metrics.num.samples = 2
	metrics.recording.level = INFO
	metrics.sample.window.ms = 30000
	receive.buffer.bytes = 65536
	reconnect.backoff.max.ms = 1000
	reconnect.backoff.ms = 50
	request.timeout.ms = 30000
	retries = 2147483647
	retry.backoff.ms = 100
	sasl.client.callback.handler.class = null
	sasl.jaas.config = null
	sasl.kerberos.kinit.cmd = /usr/bin/kinit
	sasl.kerberos.min.time.before.relogin = 60000
	sasl.kerberos.service.name = null
	sasl.kerberos.ticket.renew.jitter = 0.05
	sasl.kerberos.ticket.renew.window.factor = 0.8
	sasl.login.callback.handler.class = null
	sasl.login.class = null
	sasl.login.refresh.buffer.seconds = 300
	sasl.login.refresh.min.period.seconds = 60
	sasl.login.refresh.window.factor = 0.8
	sasl.login.refresh.window.jitter = 0.05
	sasl.mechanism = GSSAPI
	security.protocol = PLAINTEXT
	security.providers = null
	send.buffer.bytes = 131072
	ssl.cipher.suites = null
	ssl.enabled.protocols = [TLSv1.2, TLSv1.3]
	ssl.endpoint.identification.algorithm = https
	ssl.engine.factory.class = null
	ssl.key.password = null
	ssl.keymanager.algorithm = SunX509
	ssl.keystore.location = null
	ssl.keystore.password = null
	ssl.keystore.type = JKS
	ssl.protocol = TLSv1.3
	ssl.provider = null
	ssl.secure.random.implementation = null
	ssl.trustmanager.algorithm = PKIX
	ssl.truststore.location = null
	ssl.truststore.password = null
	ssl.truststore.type = JKS

2021-05-03 13:50:59 [main] INFO  o.a.kafka.common.utils.AppInfoParser - Kafka version: 2.6.0
2021-05-03 13:50:59 [main] INFO  o.a.kafka.common.utils.AppInfoParser - Kafka commitId: 62abe01bee039651
2021-05-03 13:50:59 [main] INFO  o.a.kafka.common.utils.AppInfoParser - Kafka startTimeMs: 1620064259418
2021-05-03 13:51:00 [main] INFO  o.s.b.w.e.netty.NettyWebServer - Netty started on port 8080
2021-05-03 13:51:00 [main] INFO  c.m.d.t.t.k.s.TwitterToKafkaServiceApplication - Started TwitterToKafkaServiceApplication in 2.522 seconds (JVM running for 3.969)
2021-05-03 13:51:00 [main] INFO  c.m.d.t.t.k.s.TwitterToKafkaServiceApplication - App starts...
2021-05-03 13:51:00 [main] INFO  c.m.k.admin.client.KafkaAdminClient - Creating 1 topics(s), attempt 0
2021-05-03 13:51:00 [main] INFO  c.m.k.admin.client.KafkaAdminClient - Create topic result [KafkaFuture{value=null,exception=null,done=false}]
2021-05-03 13:51:00 [main] INFO  c.m.k.admin.client.KafkaAdminClient - Reading kafka topic [twitter-topic], attempt 0
2021-05-03 13:51:02 [main] INFO  c.m.k.admin.client.KafkaAdminClient - Reading kafka topic [twitter-topic], attempt 0
2021-05-03 13:51:06 [main] INFO  c.m.k.admin.client.KafkaAdminClient - Reading kafka topic [twitter-topic], attempt 0
2021-05-03 13:51:11 [SpringContextShutdownHook] INFO  c.m.k.p.s.impl.TwitterKafkaProducer - Closing kafka producer!
2021-05-03 14:35:07 [main] INFO  c.m.d.t.t.k.s.TwitterToKafkaServiceApplication - Starting TwitterToKafkaServiceApplication using Java 14.0.1 on YANs-MacBook-Pro.local with PID 29523 (/Users/yanshen/Documents/05 Career/code/spring.kafka.elastic/twitter-to-kafka-service/target/classes started by yanshen in /Users/yanshen/Documents/05 Career/code/spring.kafka.elastic)
2021-05-03 14:35:07 [main] INFO  c.m.d.t.t.k.s.TwitterToKafkaServiceApplication - No active profile set, falling back to default profiles: default
2021-05-03 14:35:07 [background-preinit] WARN  o.s.h.c.j.Jackson2ObjectMapperBuilder - For Jackson Kotlin classes support please add "com.fasterxml.jackson.module:jackson-module-kotlin" to the classpath
2021-05-03 14:35:08 [main] INFO  o.a.k.c.admin.AdminClientConfig - AdminClientConfig values: 
	bootstrap.servers = [localhost:19092, localhost:29092, localhost:39092]
	client.dns.lookup = use_all_dns_ips
	client.id = 
	connections.max.idle.ms = 300000
	default.api.timeout.ms = 60000
	metadata.max.age.ms = 300000
	metric.reporters = []
	metrics.num.samples = 2
	metrics.recording.level = INFO
	metrics.sample.window.ms = 30000
	receive.buffer.bytes = 65536
	reconnect.backoff.max.ms = 1000
	reconnect.backoff.ms = 50
	request.timeout.ms = 30000
	retries = 2147483647
	retry.backoff.ms = 100
	sasl.client.callback.handler.class = null
	sasl.jaas.config = null
	sasl.kerberos.kinit.cmd = /usr/bin/kinit
	sasl.kerberos.min.time.before.relogin = 60000
	sasl.kerberos.service.name = null
	sasl.kerberos.ticket.renew.jitter = 0.05
	sasl.kerberos.ticket.renew.window.factor = 0.8
	sasl.login.callback.handler.class = null
	sasl.login.class = null
	sasl.login.refresh.buffer.seconds = 300
	sasl.login.refresh.min.period.seconds = 60
	sasl.login.refresh.window.factor = 0.8
	sasl.login.refresh.window.jitter = 0.05
	sasl.mechanism = GSSAPI
	security.protocol = PLAINTEXT
	security.providers = null
	send.buffer.bytes = 131072
	ssl.cipher.suites = null
	ssl.enabled.protocols = [TLSv1.2, TLSv1.3]
	ssl.endpoint.identification.algorithm = https
	ssl.engine.factory.class = null
	ssl.key.password = null
	ssl.keymanager.algorithm = SunX509
	ssl.keystore.location = null
	ssl.keystore.password = null
	ssl.keystore.type = JKS
	ssl.protocol = TLSv1.3
	ssl.provider = null
	ssl.secure.random.implementation = null
	ssl.trustmanager.algorithm = PKIX
	ssl.truststore.location = null
	ssl.truststore.password = null
	ssl.truststore.type = JKS

2021-05-03 14:35:08 [main] INFO  o.a.kafka.common.utils.AppInfoParser - Kafka version: 2.6.0
2021-05-03 14:35:08 [main] INFO  o.a.kafka.common.utils.AppInfoParser - Kafka commitId: 62abe01bee039651
2021-05-03 14:35:08 [main] INFO  o.a.kafka.common.utils.AppInfoParser - Kafka startTimeMs: 1620066908228
2021-05-03 14:35:08 [main] INFO  o.s.b.w.e.netty.NettyWebServer - Netty started on port 8080
2021-05-03 14:35:08 [main] INFO  c.m.d.t.t.k.s.TwitterToKafkaServiceApplication - Started TwitterToKafkaServiceApplication in 2.812 seconds (JVM running for 4.959)
2021-05-03 14:35:08 [main] INFO  c.m.d.t.t.k.s.TwitterToKafkaServiceApplication - App starts...
2021-05-03 14:35:08 [main] INFO  c.m.k.admin.client.KafkaAdminClient - Creating 1 topics(s), attempt 0
2021-05-03 14:35:08 [main] INFO  c.m.k.admin.client.KafkaAdminClient - Create topic result [KafkaFuture{value=null,exception=null,done=false}]
2021-05-03 14:35:08 [main] INFO  c.m.k.admin.client.KafkaAdminClient - Reading kafka topic [twitter-topic], attempt 0
2021-05-03 14:35:10 [main] INFO  c.m.k.admin.client.KafkaAdminClient - Reading kafka topic [twitter-topic], attempt 0
2021-05-03 14:35:14 [main] INFO  c.m.k.admin.client.KafkaAdminClient - Reading kafka topic [twitter-topic], attempt 0
2021-05-03 14:35:22 [main] INFO  c.m.k.admin.client.KafkaAdminClient - Reading kafka topic [twitter-topic], attempt 0
2021-05-03 14:35:22 [main] INFO  o.s.b.a.l.ConditionEvaluationReportLoggingListener - 

Error starting ApplicationContext. To display the conditions report re-run your application with 'debug' enabled.
2021-05-03 14:35:23 [main] ERROR o.s.boot.SpringApplication - Application run failed
java.lang.IllegalStateException: Failed to execute CommandLineRunner
	at org.springframework.boot.SpringApplication.callRunner(SpringApplication.java:809)
	at org.springframework.boot.SpringApplication.callRunners(SpringApplication.java:790)
	at org.springframework.boot.SpringApplication.run(SpringApplication.java:333)
	at org.springframework.boot.SpringApplication.run(SpringApplication.java:1313)
	at org.springframework.boot.SpringApplication.run(SpringApplication.java:1302)
	at com.microservices.demo.twitter.to.kafka.service.TwitterToKafkaServiceApplication.main(TwitterToKafkaServiceApplication.java:40)
Caused by: com.microservices.kafka.admin.exception.KafkaClientException: Reached max number of retry for reading kafka topic(s)!
	at com.microservices.kafka.admin.client.KafkaAdminClient.checkMaxRetry(KafkaAdminClient.java:104)
	at com.microservices.kafka.admin.client.KafkaAdminClient.checkTopicsCreated(KafkaAdminClient.java:61)
	at com.microservices.kafka.admin.client.KafkaAdminClient.createTopics(KafkaAdminClient.java:50)
	at com.microservices.demo.twitter.to.kafka.service.init.impl.KafkaStreamInitializer.init(KafkaStreamInitializer.java:23)
	at com.microservices.demo.twitter.to.kafka.service.TwitterToKafkaServiceApplication.run(TwitterToKafkaServiceApplication.java:46)
	at org.springframework.boot.SpringApplication.callRunner(SpringApplication.java:806)
	... 5 common frames omitted
2021-05-03 14:35:23 [main] INFO  c.m.k.p.s.impl.TwitterKafkaProducer - Closing kafka producer!
2021-05-03 14:43:47 [main] INFO  c.m.d.t.t.k.s.TwitterToKafkaServiceApplication - Starting TwitterToKafkaServiceApplication using Java 14.0.1 on YANs-MacBook-Pro.local with PID 29549 (/Users/yanshen/Documents/05 Career/code/spring.kafka.elastic/twitter-to-kafka-service/target/classes started by yanshen in /Users/yanshen/Documents/05 Career/code/spring.kafka.elastic)
2021-05-03 14:43:47 [main] INFO  c.m.d.t.t.k.s.TwitterToKafkaServiceApplication - No active profile set, falling back to default profiles: default
2021-05-03 14:43:47 [background-preinit] WARN  o.s.h.c.j.Jackson2ObjectMapperBuilder - For Jackson Kotlin classes support please add "com.fasterxml.jackson.module:jackson-module-kotlin" to the classpath
2021-05-03 14:43:48 [main] INFO  o.a.k.c.admin.AdminClientConfig - AdminClientConfig values: 
	bootstrap.servers = [localhost:19092, localhost:29092, localhost:39092]
	client.dns.lookup = use_all_dns_ips
	client.id = 
	connections.max.idle.ms = 300000
	default.api.timeout.ms = 60000
	metadata.max.age.ms = 300000
	metric.reporters = []
	metrics.num.samples = 2
	metrics.recording.level = INFO
	metrics.sample.window.ms = 30000
	receive.buffer.bytes = 65536
	reconnect.backoff.max.ms = 1000
	reconnect.backoff.ms = 50
	request.timeout.ms = 30000
	retries = 2147483647
	retry.backoff.ms = 100
	sasl.client.callback.handler.class = null
	sasl.jaas.config = null
	sasl.kerberos.kinit.cmd = /usr/bin/kinit
	sasl.kerberos.min.time.before.relogin = 60000
	sasl.kerberos.service.name = null
	sasl.kerberos.ticket.renew.jitter = 0.05
	sasl.kerberos.ticket.renew.window.factor = 0.8
	sasl.login.callback.handler.class = null
	sasl.login.class = null
	sasl.login.refresh.buffer.seconds = 300
	sasl.login.refresh.min.period.seconds = 60
	sasl.login.refresh.window.factor = 0.8
	sasl.login.refresh.window.jitter = 0.05
	sasl.mechanism = GSSAPI
	security.protocol = PLAINTEXT
	security.providers = null
	send.buffer.bytes = 131072
	ssl.cipher.suites = null
	ssl.enabled.protocols = [TLSv1.2, TLSv1.3]
	ssl.endpoint.identification.algorithm = https
	ssl.engine.factory.class = null
	ssl.key.password = null
	ssl.keymanager.algorithm = SunX509
	ssl.keystore.location = null
	ssl.keystore.password = null
	ssl.keystore.type = JKS
	ssl.protocol = TLSv1.3
	ssl.provider = null
	ssl.secure.random.implementation = null
	ssl.trustmanager.algorithm = PKIX
	ssl.truststore.location = null
	ssl.truststore.password = null
	ssl.truststore.type = JKS

2021-05-03 14:43:48 [main] INFO  o.a.kafka.common.utils.AppInfoParser - Kafka version: 2.6.0
2021-05-03 14:43:48 [main] INFO  o.a.kafka.common.utils.AppInfoParser - Kafka commitId: 62abe01bee039651
2021-05-03 14:43:48 [main] INFO  o.a.kafka.common.utils.AppInfoParser - Kafka startTimeMs: 1620067428483
2021-05-03 14:43:48 [kafka-admin-client-thread | adminclient-1] WARN  o.apache.kafka.clients.NetworkClient - [AdminClient clientId=adminclient-1] Connection to node -3 (localhost/127.0.0.1:39092) could not be established. Broker may not be available.
2021-05-03 14:43:49 [main] INFO  o.s.b.w.e.netty.NettyWebServer - Netty started on port 8080
2021-05-03 14:43:49 [main] INFO  c.m.d.t.t.k.s.TwitterToKafkaServiceApplication - Started TwitterToKafkaServiceApplication in 2.418 seconds (JVM running for 3.363)
2021-05-03 14:43:49 [main] INFO  c.m.d.t.t.k.s.TwitterToKafkaServiceApplication - App starts...
2021-05-03 14:43:49 [main] INFO  c.m.k.admin.client.KafkaAdminClient - Creating 1 topics(s), attempt 0
2021-05-03 14:43:49 [main] INFO  c.m.k.admin.client.KafkaAdminClient - Create topic result [KafkaFuture{value=null,exception=null,done=false}]
2021-05-03 14:43:49 [main] INFO  c.m.k.admin.client.KafkaAdminClient - Reading kafka topic [twitter-topic], attempt 0
2021-05-03 14:43:54 [main] INFO  c.m.k.admin.client.KafkaAdminClient - Reading kafka topic [twitter-topic], attempt 0
2021-05-03 14:44:04 [main] INFO  c.m.k.admin.client.KafkaAdminClient - Reading kafka topic [twitter-topic], attempt 0
2021-05-03 14:44:24 [main] INFO  c.m.k.admin.client.KafkaAdminClient - Reading kafka topic [twitter-topic], attempt 0
2021-05-03 14:45:04 [main] INFO  c.m.k.admin.client.KafkaAdminClient - Reading kafka topic [twitter-topic], attempt 0
2021-05-03 14:45:04 [main] INFO  o.s.b.a.l.ConditionEvaluationReportLoggingListener - 

Error starting ApplicationContext. To display the conditions report re-run your application with 'debug' enabled.
2021-05-03 14:45:04 [main] ERROR o.s.boot.SpringApplication - Application run failed
java.lang.IllegalStateException: Failed to execute CommandLineRunner
	at org.springframework.boot.SpringApplication.callRunner(SpringApplication.java:809)
	at org.springframework.boot.SpringApplication.callRunners(SpringApplication.java:790)
	at org.springframework.boot.SpringApplication.run(SpringApplication.java:333)
	at org.springframework.boot.SpringApplication.run(SpringApplication.java:1313)
	at org.springframework.boot.SpringApplication.run(SpringApplication.java:1302)
	at com.microservices.demo.twitter.to.kafka.service.TwitterToKafkaServiceApplication.main(TwitterToKafkaServiceApplication.java:40)
Caused by: com.microservices.kafka.admin.exception.KafkaClientException: Reached max number of retry for reading kafka topic(s)!
	at com.microservices.kafka.admin.client.KafkaAdminClient.checkMaxRetry(KafkaAdminClient.java:104)
	at com.microservices.kafka.admin.client.KafkaAdminClient.checkTopicsCreated(KafkaAdminClient.java:61)
	at com.microservices.kafka.admin.client.KafkaAdminClient.createTopics(KafkaAdminClient.java:50)
	at com.microservices.demo.twitter.to.kafka.service.init.impl.KafkaStreamInitializer.init(KafkaStreamInitializer.java:23)
	at com.microservices.demo.twitter.to.kafka.service.TwitterToKafkaServiceApplication.run(TwitterToKafkaServiceApplication.java:46)
	at org.springframework.boot.SpringApplication.callRunner(SpringApplication.java:806)
	... 5 common frames omitted
2021-05-03 14:45:04 [main] INFO  c.m.k.p.s.impl.TwitterKafkaProducer - Closing kafka producer!
2021-05-03 14:48:56 [main] INFO  c.m.d.t.t.k.s.TwitterToKafkaServiceApplication - Starting TwitterToKafkaServiceApplication using Java 14.0.1 on YANs-MacBook-Pro.local with PID 29572 (/Users/yanshen/Documents/05 Career/code/spring.kafka.elastic/twitter-to-kafka-service/target/classes started by yanshen in /Users/yanshen/Documents/05 Career/code/spring.kafka.elastic)
2021-05-03 14:48:56 [main] INFO  c.m.d.t.t.k.s.TwitterToKafkaServiceApplication - No active profile set, falling back to default profiles: default
2021-05-03 14:48:56 [background-preinit] WARN  o.s.h.c.j.Jackson2ObjectMapperBuilder - For Jackson Kotlin classes support please add "com.fasterxml.jackson.module:jackson-module-kotlin" to the classpath
2021-05-03 14:48:57 [main] INFO  o.a.k.c.admin.AdminClientConfig - AdminClientConfig values: 
	bootstrap.servers = [localhost:19092, localhost:29092, localhost:39092]
	client.dns.lookup = use_all_dns_ips
	client.id = 
	connections.max.idle.ms = 300000
	default.api.timeout.ms = 60000
	metadata.max.age.ms = 300000
	metric.reporters = []
	metrics.num.samples = 2
	metrics.recording.level = INFO
	metrics.sample.window.ms = 30000
	receive.buffer.bytes = 65536
	reconnect.backoff.max.ms = 1000
	reconnect.backoff.ms = 50
	request.timeout.ms = 30000
	retries = 2147483647
	retry.backoff.ms = 100
	sasl.client.callback.handler.class = null
	sasl.jaas.config = null
	sasl.kerberos.kinit.cmd = /usr/bin/kinit
	sasl.kerberos.min.time.before.relogin = 60000
	sasl.kerberos.service.name = null
	sasl.kerberos.ticket.renew.jitter = 0.05
	sasl.kerberos.ticket.renew.window.factor = 0.8
	sasl.login.callback.handler.class = null
	sasl.login.class = null
	sasl.login.refresh.buffer.seconds = 300
	sasl.login.refresh.min.period.seconds = 60
	sasl.login.refresh.window.factor = 0.8
	sasl.login.refresh.window.jitter = 0.05
	sasl.mechanism = GSSAPI
	security.protocol = PLAINTEXT
	security.providers = null
	send.buffer.bytes = 131072
	ssl.cipher.suites = null
	ssl.enabled.protocols = [TLSv1.2, TLSv1.3]
	ssl.endpoint.identification.algorithm = https
	ssl.engine.factory.class = null
	ssl.key.password = null
	ssl.keymanager.algorithm = SunX509
	ssl.keystore.location = null
	ssl.keystore.password = null
	ssl.keystore.type = JKS
	ssl.protocol = TLSv1.3
	ssl.provider = null
	ssl.secure.random.implementation = null
	ssl.trustmanager.algorithm = PKIX
	ssl.truststore.location = null
	ssl.truststore.password = null
	ssl.truststore.type = JKS

2021-05-03 14:48:57 [main] INFO  o.a.kafka.common.utils.AppInfoParser - Kafka version: 2.6.0
2021-05-03 14:48:57 [main] INFO  o.a.kafka.common.utils.AppInfoParser - Kafka commitId: 62abe01bee039651
2021-05-03 14:48:57 [main] INFO  o.a.kafka.common.utils.AppInfoParser - Kafka startTimeMs: 1620067737398
2021-05-03 14:48:58 [main] INFO  o.s.b.w.e.netty.NettyWebServer - Netty started on port 8080
2021-05-03 14:48:58 [main] INFO  c.m.d.t.t.k.s.TwitterToKafkaServiceApplication - Started TwitterToKafkaServiceApplication in 2.161 seconds (JVM running for 3.597)
2021-05-03 14:48:58 [main] INFO  c.m.d.t.t.k.s.TwitterToKafkaServiceApplication - App starts...
2021-05-03 14:48:58 [main] INFO  c.m.k.admin.client.KafkaAdminClient - Creating 1 topics(s), attempt 0
2021-05-03 14:48:58 [main] INFO  c.m.k.admin.client.KafkaAdminClient - kafkaTopics [(name=twitter-topic, numPartitions=3, replicationFactor=3, replicasAssignments=null, configs=null)]
2021-05-03 14:48:58 [main] INFO  c.m.k.admin.client.KafkaAdminClient - Create topic result [KafkaFuture{value=null,exception=null,done=false}]
2021-05-03 14:48:58 [main] INFO  c.m.k.admin.client.KafkaAdminClient - Reading kafka topic [twitter-topic], attempt 0
2021-05-03 14:49:03 [main] INFO  c.m.k.admin.client.KafkaAdminClient - Reading kafka topic [twitter-topic], attempt 0
2021-05-03 14:49:13 [main] INFO  c.m.k.admin.client.KafkaAdminClient - Reading kafka topic [twitter-topic], attempt 0
2021-05-03 14:49:33 [main] INFO  c.m.k.admin.client.KafkaAdminClient - Reading kafka topic [twitter-topic], attempt 0
2021-05-03 14:50:13 [main] INFO  c.m.k.admin.client.KafkaAdminClient - Reading kafka topic [twitter-topic], attempt 0
2021-05-03 14:50:13 [main] INFO  o.s.b.a.l.ConditionEvaluationReportLoggingListener - 

Error starting ApplicationContext. To display the conditions report re-run your application with 'debug' enabled.
2021-05-03 14:50:13 [main] ERROR o.s.boot.SpringApplication - Application run failed
java.lang.IllegalStateException: Failed to execute CommandLineRunner
	at org.springframework.boot.SpringApplication.callRunner(SpringApplication.java:809)
	at org.springframework.boot.SpringApplication.callRunners(SpringApplication.java:790)
	at org.springframework.boot.SpringApplication.run(SpringApplication.java:333)
	at org.springframework.boot.SpringApplication.run(SpringApplication.java:1313)
	at org.springframework.boot.SpringApplication.run(SpringApplication.java:1302)
	at com.microservices.demo.twitter.to.kafka.service.TwitterToKafkaServiceApplication.main(TwitterToKafkaServiceApplication.java:40)
Caused by: com.microservices.kafka.admin.exception.KafkaClientException: Reached max number of retry for reading kafka topic(s)!
	at com.microservices.kafka.admin.client.KafkaAdminClient.checkMaxRetry(KafkaAdminClient.java:104)
	at com.microservices.kafka.admin.client.KafkaAdminClient.checkTopicsCreated(KafkaAdminClient.java:61)
	at com.microservices.kafka.admin.client.KafkaAdminClient.createTopics(KafkaAdminClient.java:50)
	at com.microservices.demo.twitter.to.kafka.service.init.impl.KafkaStreamInitializer.init(KafkaStreamInitializer.java:23)
	at com.microservices.demo.twitter.to.kafka.service.TwitterToKafkaServiceApplication.run(TwitterToKafkaServiceApplication.java:46)
	at org.springframework.boot.SpringApplication.callRunner(SpringApplication.java:806)
	... 5 common frames omitted
2021-05-03 14:50:13 [main] INFO  c.m.k.p.s.impl.TwitterKafkaProducer - Closing kafka producer!
