2021-04-10 08:26:16 [Twitter Stream consumer /  [1][Waiting for 240000 milliseconds]] INFO  twitter4j.TwitterStreamImpl - Establishing connection.
2021-04-10 08:26:17 [Twitter Stream consumer /  [1][Establishing connection]] INFO  twitter4j.TwitterStreamImpl - 401:Authentication credentials (https://dev.twitter.com/pages/auth) were missing or incorrect. Ensure that you have set valid consumer key/secret, access token/secret, and the system clock is in sync.
<html>\n<head>\n<meta http-equiv="Content-Type" content="text/html; charset=utf-8"/>\n<title>Error 401 Unauthorized</title>
</head>
<body>
<h2>HTTP ERROR: 401</h2>
<p>Problem accessing '/1.1/statuses/filter.json'. Reason:
<pre>    Unauthorized</pre>
</body>
</html>

2021-04-10 08:26:17 [Twitter Stream consumer /  [1][Establishing connection]] INFO  twitter4j.TwitterStreamImpl - Waiting for 240000 milliseconds
2021-04-10 09:18:21 [Twitter Stream consumer /  [1][Waiting for 240000 milliseconds]] INFO  twitter4j.TwitterStreamImpl - Establishing connection.
2021-04-10 09:18:21 [Twitter Stream consumer /  [1][Establishing connection]] INFO  twitter4j.TwitterStreamImpl - 401:Authentication credentials (https://dev.twitter.com/pages/auth) were missing or incorrect. Ensure that you have set valid consumer key/secret, access token/secret, and the system clock is in sync.
<html>\n<head>\n<meta http-equiv="Content-Type" content="text/html; charset=utf-8"/>\n<title>Error 401 Unauthorized</title>
</head>
<body>
<h2>HTTP ERROR: 401</h2>
<p>Problem accessing '/1.1/statuses/filter.json'. Reason:
<pre>    Unauthorized</pre>
</body>
</html>

2021-04-10 09:18:21 [Twitter Stream consumer /  [1][Establishing connection]] INFO  twitter4j.TwitterStreamImpl - Waiting for 240000 milliseconds
2021-04-10 09:22:21 [Twitter Stream consumer /  [1][Waiting for 240000 milliseconds]] INFO  twitter4j.TwitterStreamImpl - Establishing connection.
2021-04-10 09:22:21 [Twitter Stream consumer /  [1][Establishing connection]] INFO  twitter4j.TwitterStreamImpl - 401:Authentication credentials (https://dev.twitter.com/pages/auth) were missing or incorrect. Ensure that you have set valid consumer key/secret, access token/secret, and the system clock is in sync.
<html>\n<head>\n<meta http-equiv="Content-Type" content="text/html; charset=utf-8"/>\n<title>Error 401 Unauthorized</title>
</head>
<body>
<h2>HTTP ERROR: 401</h2>
<p>Problem accessing '/1.1/statuses/filter.json'. Reason:
<pre>    Unauthorized</pre>
</body>
</html>

2021-04-10 09:22:21 [Twitter Stream consumer /  [1][Establishing connection]] INFO  twitter4j.TwitterStreamImpl - Waiting for 240000 milliseconds
2021-04-10 09:26:21 [Twitter Stream consumer /  [1][Waiting for 240000 milliseconds]] INFO  twitter4j.TwitterStreamImpl - Establishing connection.
2021-04-10 09:26:21 [Twitter Stream consumer /  [1][Establishing connection]] INFO  twitter4j.TwitterStreamImpl - 401:Authentication credentials (https://dev.twitter.com/pages/auth) were missing or incorrect. Ensure that you have set valid consumer key/secret, access token/secret, and the system clock is in sync.
<html>\n<head>\n<meta http-equiv="Content-Type" content="text/html; charset=utf-8"/>\n<title>Error 401 Unauthorized</title>
</head>
<body>
<h2>HTTP ERROR: 401</h2>
<p>Problem accessing '/1.1/statuses/filter.json'. Reason:
<pre>    Unauthorized</pre>
</body>
</html>

2021-04-10 09:26:21 [Twitter Stream consumer /  [1][Establishing connection]] INFO  twitter4j.TwitterStreamImpl - Waiting for 240000 milliseconds
2021-04-10 09:30:21 [Twitter Stream consumer /  [1][Waiting for 240000 milliseconds]] INFO  twitter4j.TwitterStreamImpl - Establishing connection.
2021-04-10 09:30:22 [Twitter Stream consumer /  [1][Establishing connection]] INFO  twitter4j.TwitterStreamImpl - 401:Authentication credentials (https://dev.twitter.com/pages/auth) were missing or incorrect. Ensure that you have set valid consumer key/secret, access token/secret, and the system clock is in sync.
<html>\n<head>\n<meta http-equiv="Content-Type" content="text/html; charset=utf-8"/>\n<title>Error 401 Unauthorized</title>
</head>
<body>
<h2>HTTP ERROR: 401</h2>
<p>Problem accessing '/1.1/statuses/filter.json'. Reason:
<pre>    Unauthorized</pre>
</body>
</html>

2021-04-10 09:30:22 [Twitter Stream consumer /  [1][Establishing connection]] INFO  twitter4j.TwitterStreamImpl - Waiting for 240000 milliseconds
2021-04-10 09:34:22 [Twitter Stream consumer /  [1][Waiting for 240000 milliseconds]] INFO  twitter4j.TwitterStreamImpl - Establishing connection.
2021-04-10 09:34:22 [Twitter Stream consumer /  [1][Establishing connection]] INFO  twitter4j.TwitterStreamImpl - 401:Authentication credentials (https://dev.twitter.com/pages/auth) were missing or incorrect. Ensure that you have set valid consumer key/secret, access token/secret, and the system clock is in sync.
<html>\n<head>\n<meta http-equiv="Content-Type" content="text/html; charset=utf-8"/>\n<title>Error 401 Unauthorized</title>
</head>
<body>
<h2>HTTP ERROR: 401</h2>
<p>Problem accessing '/1.1/statuses/filter.json'. Reason:
<pre>    Unauthorized</pre>
</body>
</html>

2021-04-10 09:34:22 [Twitter Stream consumer /  [1][Establishing connection]] INFO  twitter4j.TwitterStreamImpl - Waiting for 240000 milliseconds
2021-04-10 09:38:22 [Twitter Stream consumer /  [1][Waiting for 240000 milliseconds]] INFO  twitter4j.TwitterStreamImpl - Establishing connection.
2021-04-10 09:38:22 [Twitter Stream consumer /  [1][Establishing connection]] INFO  twitter4j.TwitterStreamImpl - 401:Authentication credentials (https://dev.twitter.com/pages/auth) were missing or incorrect. Ensure that you have set valid consumer key/secret, access token/secret, and the system clock is in sync.
<html>\n<head>\n<meta http-equiv="Content-Type" content="text/html; charset=utf-8"/>\n<title>Error 401 Unauthorized</title>
</head>
<body>
<h2>HTTP ERROR: 401</h2>
<p>Problem accessing '/1.1/statuses/filter.json'. Reason:
<pre>    Unauthorized</pre>
</body>
</html>

2021-04-10 09:38:22 [Twitter Stream consumer /  [1][Establishing connection]] INFO  twitter4j.TwitterStreamImpl - Waiting for 240000 milliseconds
2021-04-10 09:42:22 [Twitter Stream consumer /  [1][Waiting for 240000 milliseconds]] INFO  twitter4j.TwitterStreamImpl - Establishing connection.
2021-04-10 09:42:22 [Twitter Stream consumer /  [1][Establishing connection]] INFO  twitter4j.TwitterStreamImpl - 401:Authentication credentials (https://dev.twitter.com/pages/auth) were missing or incorrect. Ensure that you have set valid consumer key/secret, access token/secret, and the system clock is in sync.
<html>\n<head>\n<meta http-equiv="Content-Type" content="text/html; charset=utf-8"/>\n<title>Error 401 Unauthorized</title>
</head>
<body>
<h2>HTTP ERROR: 401</h2>
<p>Problem accessing '/1.1/statuses/filter.json'. Reason:
<pre>    Unauthorized</pre>
</body>
</html>

2021-04-10 09:42:22 [Twitter Stream consumer /  [1][Establishing connection]] INFO  twitter4j.TwitterStreamImpl - Waiting for 240000 milliseconds
2021-04-10 09:46:22 [Twitter Stream consumer /  [1][Waiting for 240000 milliseconds]] INFO  twitter4j.TwitterStreamImpl - Establishing connection.
2021-04-10 09:46:23 [Twitter Stream consumer /  [1][Establishing connection]] INFO  twitter4j.TwitterStreamImpl - 401:Authentication credentials (https://dev.twitter.com/pages/auth) were missing or incorrect. Ensure that you have set valid consumer key/secret, access token/secret, and the system clock is in sync.
<html>\n<head>\n<meta http-equiv="Content-Type" content="text/html; charset=utf-8"/>\n<title>Error 401 Unauthorized</title>
</head>
<body>
<h2>HTTP ERROR: 401</h2>
<p>Problem accessing '/1.1/statuses/filter.json'. Reason:
<pre>    Unauthorized</pre>
</body>
</html>

2021-04-10 09:46:23 [Twitter Stream consumer /  [1][Establishing connection]] INFO  twitter4j.TwitterStreamImpl - Waiting for 240000 milliseconds
2021-04-10 09:50:23 [Twitter Stream consumer /  [1][Waiting for 240000 milliseconds]] INFO  twitter4j.TwitterStreamImpl - Establishing connection.
2021-04-10 09:50:23 [Twitter Stream consumer /  [1][Establishing connection]] INFO  twitter4j.TwitterStreamImpl - 401:Authentication credentials (https://dev.twitter.com/pages/auth) were missing or incorrect. Ensure that you have set valid consumer key/secret, access token/secret, and the system clock is in sync.
<html>\n<head>\n<meta http-equiv="Content-Type" content="text/html; charset=utf-8"/>\n<title>Error 401 Unauthorized</title>
</head>
<body>
<h2>HTTP ERROR: 401</h2>
<p>Problem accessing '/1.1/statuses/filter.json'. Reason:
<pre>    Unauthorized</pre>
</body>
</html>

2021-04-10 09:50:23 [Twitter Stream consumer /  [1][Establishing connection]] INFO  twitter4j.TwitterStreamImpl - Waiting for 240000 milliseconds
2021-04-10 09:54:23 [Twitter Stream consumer /  [1][Waiting for 240000 milliseconds]] INFO  twitter4j.TwitterStreamImpl - Establishing connection.
2021-04-10 09:54:23 [Twitter Stream consumer /  [1][Establishing connection]] INFO  twitter4j.TwitterStreamImpl - 401:Authentication credentials (https://dev.twitter.com/pages/auth) were missing or incorrect. Ensure that you have set valid consumer key/secret, access token/secret, and the system clock is in sync.
<html>\n<head>\n<meta http-equiv="Content-Type" content="text/html; charset=utf-8"/>\n<title>Error 401 Unauthorized</title>
</head>
<body>
<h2>HTTP ERROR: 401</h2>
<p>Problem accessing '/1.1/statuses/filter.json'. Reason:
<pre>    Unauthorized</pre>
</body>
</html>

2021-04-10 09:54:23 [Twitter Stream consumer /  [1][Establishing connection]] INFO  twitter4j.TwitterStreamImpl - Waiting for 240000 milliseconds
2021-04-10 09:58:23 [Twitter Stream consumer /  [1][Waiting for 240000 milliseconds]] INFO  twitter4j.TwitterStreamImpl - Establishing connection.
2021-04-10 09:58:23 [Twitter Stream consumer /  [1][Establishing connection]] INFO  twitter4j.TwitterStreamImpl - 401:Authentication credentials (https://dev.twitter.com/pages/auth) were missing or incorrect. Ensure that you have set valid consumer key/secret, access token/secret, and the system clock is in sync.
<html>\n<head>\n<meta http-equiv="Content-Type" content="text/html; charset=utf-8"/>\n<title>Error 401 Unauthorized</title>
</head>
<body>
<h2>HTTP ERROR: 401</h2>
<p>Problem accessing '/1.1/statuses/filter.json'. Reason:
<pre>    Unauthorized</pre>
</body>
</html>

2021-04-10 09:58:23 [Twitter Stream consumer /  [1][Establishing connection]] INFO  twitter4j.TwitterStreamImpl - Waiting for 240000 milliseconds
2021-04-10 10:02:23 [Twitter Stream consumer /  [1][Waiting for 240000 milliseconds]] INFO  twitter4j.TwitterStreamImpl - Establishing connection.
2021-04-10 10:02:23 [Twitter Stream consumer /  [1][Establishing connection]] INFO  twitter4j.TwitterStreamImpl - 401:Authentication credentials (https://dev.twitter.com/pages/auth) were missing or incorrect. Ensure that you have set valid consumer key/secret, access token/secret, and the system clock is in sync.
<html>\n<head>\n<meta http-equiv="Content-Type" content="text/html; charset=utf-8"/>\n<title>Error 401 Unauthorized</title>
</head>
<body>
<h2>HTTP ERROR: 401</h2>
<p>Problem accessing '/1.1/statuses/filter.json'. Reason:
<pre>    Unauthorized</pre>
</body>
</html>

2021-04-10 10:02:23 [Twitter Stream consumer /  [1][Establishing connection]] INFO  twitter4j.TwitterStreamImpl - Waiting for 240000 milliseconds
2021-04-10 10:06:23 [Twitter Stream consumer /  [1][Waiting for 240000 milliseconds]] INFO  twitter4j.TwitterStreamImpl - Establishing connection.
2021-04-10 10:06:24 [Twitter Stream consumer /  [1][Establishing connection]] INFO  twitter4j.TwitterStreamImpl - 401:Authentication credentials (https://dev.twitter.com/pages/auth) were missing or incorrect. Ensure that you have set valid consumer key/secret, access token/secret, and the system clock is in sync.
<html>\n<head>\n<meta http-equiv="Content-Type" content="text/html; charset=utf-8"/>\n<title>Error 401 Unauthorized</title>
</head>
<body>
<h2>HTTP ERROR: 401</h2>
<p>Problem accessing '/1.1/statuses/filter.json'. Reason:
<pre>    Unauthorized</pre>
</body>
</html>

2021-04-10 10:06:24 [Twitter Stream consumer /  [1][Establishing connection]] INFO  twitter4j.TwitterStreamImpl - Waiting for 240000 milliseconds
2021-04-10 10:10:24 [Twitter Stream consumer /  [1][Waiting for 240000 milliseconds]] INFO  twitter4j.TwitterStreamImpl - Establishing connection.
2021-04-10 10:10:24 [Twitter Stream consumer /  [1][Establishing connection]] INFO  twitter4j.TwitterStreamImpl - 401:Authentication credentials (https://dev.twitter.com/pages/auth) were missing or incorrect. Ensure that you have set valid consumer key/secret, access token/secret, and the system clock is in sync.
<html>\n<head>\n<meta http-equiv="Content-Type" content="text/html; charset=utf-8"/>\n<title>Error 401 Unauthorized</title>
</head>
<body>
<h2>HTTP ERROR: 401</h2>
<p>Problem accessing '/1.1/statuses/filter.json'. Reason:
<pre>    Unauthorized</pre>
</body>
</html>

2021-04-10 10:10:24 [Twitter Stream consumer /  [1][Establishing connection]] INFO  twitter4j.TwitterStreamImpl - Waiting for 240000 milliseconds
2021-04-10 10:14:24 [Twitter Stream consumer /  [1][Waiting for 240000 milliseconds]] INFO  twitter4j.TwitterStreamImpl - Establishing connection.
2021-04-10 10:14:24 [Twitter Stream consumer /  [1][Establishing connection]] INFO  twitter4j.TwitterStreamImpl - 401:Authentication credentials (https://dev.twitter.com/pages/auth) were missing or incorrect. Ensure that you have set valid consumer key/secret, access token/secret, and the system clock is in sync.
<html>\n<head>\n<meta http-equiv="Content-Type" content="text/html; charset=utf-8"/>\n<title>Error 401 Unauthorized</title>
</head>
<body>
<h2>HTTP ERROR: 401</h2>
<p>Problem accessing '/1.1/statuses/filter.json'. Reason:
<pre>    Unauthorized</pre>
</body>
</html>

2021-04-10 10:14:24 [Twitter Stream consumer /  [1][Establishing connection]] INFO  twitter4j.TwitterStreamImpl - Waiting for 240000 milliseconds
2021-04-10 10:18:24 [Twitter Stream consumer /  [1][Waiting for 240000 milliseconds]] INFO  twitter4j.TwitterStreamImpl - Establishing connection.
2021-04-10 10:18:24 [Twitter Stream consumer /  [1][Establishing connection]] INFO  twitter4j.TwitterStreamImpl - 401:Authentication credentials (https://dev.twitter.com/pages/auth) were missing or incorrect. Ensure that you have set valid consumer key/secret, access token/secret, and the system clock is in sync.
<html>\n<head>\n<meta http-equiv="Content-Type" content="text/html; charset=utf-8"/>\n<title>Error 401 Unauthorized</title>
</head>
<body>
<h2>HTTP ERROR: 401</h2>
<p>Problem accessing '/1.1/statuses/filter.json'. Reason:
<pre>    Unauthorized</pre>
</body>
</html>

2021-04-10 10:18:24 [Twitter Stream consumer /  [1][Establishing connection]] INFO  twitter4j.TwitterStreamImpl - Waiting for 240000 milliseconds
2021-04-10 10:22:24 [Twitter Stream consumer /  [1][Waiting for 240000 milliseconds]] INFO  twitter4j.TwitterStreamImpl - Establishing connection.
2021-04-10 10:22:24 [Twitter Stream consumer /  [1][Establishing connection]] INFO  twitter4j.TwitterStreamImpl - 401:Authentication credentials (https://dev.twitter.com/pages/auth) were missing or incorrect. Ensure that you have set valid consumer key/secret, access token/secret, and the system clock is in sync.
<html>\n<head>\n<meta http-equiv="Content-Type" content="text/html; charset=utf-8"/>\n<title>Error 401 Unauthorized</title>
</head>
<body>
<h2>HTTP ERROR: 401</h2>
<p>Problem accessing '/1.1/statuses/filter.json'. Reason:
<pre>    Unauthorized</pre>
</body>
</html>

2021-04-10 10:22:24 [Twitter Stream consumer /  [1][Establishing connection]] INFO  twitter4j.TwitterStreamImpl - Waiting for 240000 milliseconds
2021-04-10 10:26:24 [Twitter Stream consumer /  [1][Waiting for 240000 milliseconds]] INFO  twitter4j.TwitterStreamImpl - Establishing connection.
2021-04-10 10:26:24 [Twitter Stream consumer /  [1][Establishing connection]] INFO  twitter4j.TwitterStreamImpl - 401:Authentication credentials (https://dev.twitter.com/pages/auth) were missing or incorrect. Ensure that you have set valid consumer key/secret, access token/secret, and the system clock is in sync.
<html>\n<head>\n<meta http-equiv="Content-Type" content="text/html; charset=utf-8"/>\n<title>Error 401 Unauthorized</title>
</head>
<body>
<h2>HTTP ERROR: 401</h2>
<p>Problem accessing '/1.1/statuses/filter.json'. Reason:
<pre>    Unauthorized</pre>
</body>
</html>

2021-04-10 10:26:24 [Twitter Stream consumer /  [1][Establishing connection]] INFO  twitter4j.TwitterStreamImpl - Waiting for 240000 milliseconds
2021-04-10 10:30:24 [Twitter Stream consumer /  [1][Waiting for 240000 milliseconds]] INFO  twitter4j.TwitterStreamImpl - Establishing connection.
2021-04-10 10:30:25 [Twitter Stream consumer /  [1][Establishing connection]] INFO  twitter4j.TwitterStreamImpl - 401:Authentication credentials (https://dev.twitter.com/pages/auth) were missing or incorrect. Ensure that you have set valid consumer key/secret, access token/secret, and the system clock is in sync.
<html>\n<head>\n<meta http-equiv="Content-Type" content="text/html; charset=utf-8"/>\n<title>Error 401 Unauthorized</title>
</head>
<body>
<h2>HTTP ERROR: 401</h2>
<p>Problem accessing '/1.1/statuses/filter.json'. Reason:
<pre>    Unauthorized</pre>
</body>
</html>

2021-04-10 10:30:25 [Twitter Stream consumer /  [1][Establishing connection]] INFO  twitter4j.TwitterStreamImpl - Waiting for 240000 milliseconds
2021-04-10 10:34:25 [Twitter Stream consumer /  [1][Waiting for 240000 milliseconds]] INFO  twitter4j.TwitterStreamImpl - Establishing connection.
2021-04-10 10:34:25 [Twitter Stream consumer /  [1][Establishing connection]] INFO  twitter4j.TwitterStreamImpl - 401:Authentication credentials (https://dev.twitter.com/pages/auth) were missing or incorrect. Ensure that you have set valid consumer key/secret, access token/secret, and the system clock is in sync.
<html>\n<head>\n<meta http-equiv="Content-Type" content="text/html; charset=utf-8"/>\n<title>Error 401 Unauthorized</title>
</head>
<body>
<h2>HTTP ERROR: 401</h2>
<p>Problem accessing '/1.1/statuses/filter.json'. Reason:
<pre>    Unauthorized</pre>
</body>
</html>

2021-04-10 10:34:25 [Twitter Stream consumer /  [1][Establishing connection]] INFO  twitter4j.TwitterStreamImpl - Waiting for 240000 milliseconds
2021-04-10 10:38:25 [Twitter Stream consumer /  [1][Waiting for 240000 milliseconds]] INFO  twitter4j.TwitterStreamImpl - Establishing connection.
2021-04-10 10:38:25 [Twitter Stream consumer /  [1][Establishing connection]] INFO  twitter4j.TwitterStreamImpl - 401:Authentication credentials (https://dev.twitter.com/pages/auth) were missing or incorrect. Ensure that you have set valid consumer key/secret, access token/secret, and the system clock is in sync.
<html>\n<head>\n<meta http-equiv="Content-Type" content="text/html; charset=utf-8"/>\n<title>Error 401 Unauthorized</title>
</head>
<body>
<h2>HTTP ERROR: 401</h2>
<p>Problem accessing '/1.1/statuses/filter.json'. Reason:
<pre>    Unauthorized</pre>
</body>
</html>

2021-04-10 10:38:25 [Twitter Stream consumer /  [1][Establishing connection]] INFO  twitter4j.TwitterStreamImpl - Waiting for 240000 milliseconds
2021-04-10 10:42:25 [Twitter Stream consumer /  [1][Waiting for 240000 milliseconds]] INFO  twitter4j.TwitterStreamImpl - Establishing connection.
2021-04-10 10:42:25 [Twitter Stream consumer /  [1][Establishing connection]] INFO  twitter4j.TwitterStreamImpl - 401:Authentication credentials (https://dev.twitter.com/pages/auth) were missing or incorrect. Ensure that you have set valid consumer key/secret, access token/secret, and the system clock is in sync.
<html>\n<head>\n<meta http-equiv="Content-Type" content="text/html; charset=utf-8"/>\n<title>Error 401 Unauthorized</title>
</head>
<body>
<h2>HTTP ERROR: 401</h2>
<p>Problem accessing '/1.1/statuses/filter.json'. Reason:
<pre>    Unauthorized</pre>
</body>
</html>

2021-04-10 10:42:25 [Twitter Stream consumer /  [1][Establishing connection]] INFO  twitter4j.TwitterStreamImpl - Waiting for 240000 milliseconds
2021-04-10 10:46:25 [Twitter Stream consumer /  [1][Waiting for 240000 milliseconds]] INFO  twitter4j.TwitterStreamImpl - Establishing connection.
2021-04-10 10:46:26 [Twitter Stream consumer /  [1][Establishing connection]] INFO  twitter4j.TwitterStreamImpl - 401:Authentication credentials (https://dev.twitter.com/pages/auth) were missing or incorrect. Ensure that you have set valid consumer key/secret, access token/secret, and the system clock is in sync.
<html>\n<head>\n<meta http-equiv="Content-Type" content="text/html; charset=utf-8"/>\n<title>Error 401 Unauthorized</title>
</head>
<body>
<h2>HTTP ERROR: 401</h2>
<p>Problem accessing '/1.1/statuses/filter.json'. Reason:
<pre>    Unauthorized</pre>
</body>
</html>

2021-04-10 10:46:26 [Twitter Stream consumer /  [1][Establishing connection]] INFO  twitter4j.TwitterStreamImpl - Waiting for 240000 milliseconds
2021-04-10 10:50:26 [Twitter Stream consumer /  [1][Waiting for 240000 milliseconds]] INFO  twitter4j.TwitterStreamImpl - Establishing connection.
2021-04-10 10:50:26 [Twitter Stream consumer /  [1][Establishing connection]] INFO  twitter4j.TwitterStreamImpl - 401:Authentication credentials (https://dev.twitter.com/pages/auth) were missing or incorrect. Ensure that you have set valid consumer key/secret, access token/secret, and the system clock is in sync.
<html>\n<head>\n<meta http-equiv="Content-Type" content="text/html; charset=utf-8"/>\n<title>Error 401 Unauthorized</title>
</head>
<body>
<h2>HTTP ERROR: 401</h2>
<p>Problem accessing '/1.1/statuses/filter.json'. Reason:
<pre>    Unauthorized</pre>
</body>
</html>

2021-04-10 10:50:26 [Twitter Stream consumer /  [1][Establishing connection]] INFO  twitter4j.TwitterStreamImpl - Waiting for 240000 milliseconds
2021-04-10 10:54:26 [Twitter Stream consumer /  [1][Waiting for 240000 milliseconds]] INFO  twitter4j.TwitterStreamImpl - Establishing connection.
2021-04-10 10:54:26 [Twitter Stream consumer /  [1][Establishing connection]] INFO  twitter4j.TwitterStreamImpl - 401:Authentication credentials (https://dev.twitter.com/pages/auth) were missing or incorrect. Ensure that you have set valid consumer key/secret, access token/secret, and the system clock is in sync.
<html>\n<head>\n<meta http-equiv="Content-Type" content="text/html; charset=utf-8"/>\n<title>Error 401 Unauthorized</title>
</head>
<body>
<h2>HTTP ERROR: 401</h2>
<p>Problem accessing '/1.1/statuses/filter.json'. Reason:
<pre>    Unauthorized</pre>
</body>
</html>

2021-04-10 10:54:26 [Twitter Stream consumer /  [1][Establishing connection]] INFO  twitter4j.TwitterStreamImpl - Waiting for 240000 milliseconds
2021-04-10 11:15:52 [Twitter Stream consumer /  [1][Waiting for 240000 milliseconds]] INFO  twitter4j.TwitterStreamImpl - Establishing connection.
2021-04-10 11:15:52 [Twitter Stream consumer /  [1][Establishing connection]] INFO  twitter4j.TwitterStreamImpl - 401:Authentication credentials (https://dev.twitter.com/pages/auth) were missing or incorrect. Ensure that you have set valid consumer key/secret, access token/secret, and the system clock is in sync.
<html>\n<head>\n<meta http-equiv="Content-Type" content="text/html; charset=utf-8"/>\n<title>Error 401 Unauthorized</title>
</head>
<body>
<h2>HTTP ERROR: 401</h2>
<p>Problem accessing '/1.1/statuses/filter.json'. Reason:
<pre>    Unauthorized</pre>
</body>
</html>

2021-04-10 11:15:52 [Twitter Stream consumer /  [1][Establishing connection]] INFO  twitter4j.TwitterStreamImpl - Waiting for 240000 milliseconds
2021-04-10 11:19:52 [Twitter Stream consumer /  [1][Waiting for 240000 milliseconds]] INFO  twitter4j.TwitterStreamImpl - Establishing connection.
2021-04-10 11:19:53 [Twitter Stream consumer /  [1][Establishing connection]] INFO  twitter4j.TwitterStreamImpl - 401:Authentication credentials (https://dev.twitter.com/pages/auth) were missing or incorrect. Ensure that you have set valid consumer key/secret, access token/secret, and the system clock is in sync.
<html>\n<head>\n<meta http-equiv="Content-Type" content="text/html; charset=utf-8"/>\n<title>Error 401 Unauthorized</title>
</head>
<body>
<h2>HTTP ERROR: 401</h2>
<p>Problem accessing '/1.1/statuses/filter.json'. Reason:
<pre>    Unauthorized</pre>
</body>
</html>

2021-04-10 11:19:53 [Twitter Stream consumer /  [1][Establishing connection]] INFO  twitter4j.TwitterStreamImpl - Waiting for 240000 milliseconds
2021-04-10 11:23:53 [Twitter Stream consumer /  [1][Waiting for 240000 milliseconds]] INFO  twitter4j.TwitterStreamImpl - Establishing connection.
2021-04-10 11:23:53 [Twitter Stream consumer /  [1][Establishing connection]] INFO  twitter4j.TwitterStreamImpl - 401:Authentication credentials (https://dev.twitter.com/pages/auth) were missing or incorrect. Ensure that you have set valid consumer key/secret, access token/secret, and the system clock is in sync.
<html>\n<head>\n<meta http-equiv="Content-Type" content="text/html; charset=utf-8"/>\n<title>Error 401 Unauthorized</title>
</head>
<body>
<h2>HTTP ERROR: 401</h2>
<p>Problem accessing '/1.1/statuses/filter.json'. Reason:
<pre>    Unauthorized</pre>
</body>
</html>

2021-04-10 11:23:53 [Twitter Stream consumer /  [1][Establishing connection]] INFO  twitter4j.TwitterStreamImpl - Waiting for 240000 milliseconds
2021-04-10 11:27:53 [Twitter Stream consumer /  [1][Waiting for 240000 milliseconds]] INFO  twitter4j.TwitterStreamImpl - Establishing connection.
2021-04-10 11:27:53 [Twitter Stream consumer /  [1][Establishing connection]] INFO  twitter4j.TwitterStreamImpl - 401:Authentication credentials (https://dev.twitter.com/pages/auth) were missing or incorrect. Ensure that you have set valid consumer key/secret, access token/secret, and the system clock is in sync.
<html>\n<head>\n<meta http-equiv="Content-Type" content="text/html; charset=utf-8"/>\n<title>Error 401 Unauthorized</title>
</head>
<body>
<h2>HTTP ERROR: 401</h2>
<p>Problem accessing '/1.1/statuses/filter.json'. Reason:
<pre>    Unauthorized</pre>
</body>
</html>

2021-04-10 11:27:53 [Twitter Stream consumer /  [1][Establishing connection]] INFO  twitter4j.TwitterStreamImpl - Waiting for 240000 milliseconds
2021-04-10 12:13:01 [Twitter Stream consumer /  [1][Waiting for 240000 milliseconds]] INFO  twitter4j.TwitterStreamImpl - Establishing connection.
2021-04-10 12:13:01 [Twitter Stream consumer /  [1][Establishing connection]] INFO  twitter4j.TwitterStreamImpl - 401:Authentication credentials (https://dev.twitter.com/pages/auth) were missing or incorrect. Ensure that you have set valid consumer key/secret, access token/secret, and the system clock is in sync.
<html>\n<head>\n<meta http-equiv="Content-Type" content="text/html; charset=utf-8"/>\n<title>Error 401 Unauthorized</title>
</head>
<body>
<h2>HTTP ERROR: 401</h2>
<p>Problem accessing '/1.1/statuses/filter.json'. Reason:
<pre>    Unauthorized</pre>
</body>
</html>

2021-04-10 12:13:01 [Twitter Stream consumer /  [1][Establishing connection]] INFO  twitter4j.TwitterStreamImpl - Waiting for 240000 milliseconds
2021-04-10 12:17:01 [Twitter Stream consumer /  [1][Waiting for 240000 milliseconds]] INFO  twitter4j.TwitterStreamImpl - Establishing connection.
2021-04-10 12:17:02 [Twitter Stream consumer /  [1][Establishing connection]] INFO  twitter4j.TwitterStreamImpl - 401:Authentication credentials (https://dev.twitter.com/pages/auth) were missing or incorrect. Ensure that you have set valid consumer key/secret, access token/secret, and the system clock is in sync.
<html>\n<head>\n<meta http-equiv="Content-Type" content="text/html; charset=utf-8"/>\n<title>Error 401 Unauthorized</title>
</head>
<body>
<h2>HTTP ERROR: 401</h2>
<p>Problem accessing '/1.1/statuses/filter.json'. Reason:
<pre>    Unauthorized</pre>
</body>
</html>

2021-04-10 12:17:02 [Twitter Stream consumer /  [1][Establishing connection]] INFO  twitter4j.TwitterStreamImpl - Waiting for 240000 milliseconds
2021-04-10 13:59:37 [Twitter Stream consumer /  [1][Waiting for 240000 milliseconds]] INFO  twitter4j.TwitterStreamImpl - Establishing connection.
2021-04-10 13:59:37 [Twitter Stream consumer /  [1][Establishing connection]] INFO  twitter4j.TwitterStreamImpl - 401:Authentication credentials (https://dev.twitter.com/pages/auth) were missing or incorrect. Ensure that you have set valid consumer key/secret, access token/secret, and the system clock is in sync.
<html>\n<head>\n<meta http-equiv="Content-Type" content="text/html; charset=utf-8"/>\n<title>Error 401 Unauthorized</title>
</head>
<body>
<h2>HTTP ERROR: 401</h2>
<p>Problem accessing '/1.1/statuses/filter.json'. Reason:
<pre>    Unauthorized</pre>
</body>
</html>

2021-04-10 13:59:37 [Twitter Stream consumer /  [1][Establishing connection]] INFO  twitter4j.TwitterStreamImpl - Waiting for 240000 milliseconds
2021-04-10 14:03:37 [Twitter Stream consumer /  [1][Waiting for 240000 milliseconds]] INFO  twitter4j.TwitterStreamImpl - Establishing connection.
2021-04-10 14:03:37 [Twitter Stream consumer /  [1][Establishing connection]] INFO  twitter4j.TwitterStreamImpl - 401:Authentication credentials (https://dev.twitter.com/pages/auth) were missing or incorrect. Ensure that you have set valid consumer key/secret, access token/secret, and the system clock is in sync.
<html>\n<head>\n<meta http-equiv="Content-Type" content="text/html; charset=utf-8"/>\n<title>Error 401 Unauthorized</title>
</head>
<body>
<h2>HTTP ERROR: 401</h2>
<p>Problem accessing '/1.1/statuses/filter.json'. Reason:
<pre>    Unauthorized</pre>
</body>
</html>

2021-04-10 14:03:37 [Twitter Stream consumer /  [1][Establishing connection]] INFO  twitter4j.TwitterStreamImpl - Waiting for 240000 milliseconds
2021-04-10 14:07:37 [Twitter Stream consumer /  [1][Waiting for 240000 milliseconds]] INFO  twitter4j.TwitterStreamImpl - Establishing connection.
2021-04-10 14:07:37 [Twitter Stream consumer /  [1][Establishing connection]] INFO  twitter4j.TwitterStreamImpl - 401:Authentication credentials (https://dev.twitter.com/pages/auth) were missing or incorrect. Ensure that you have set valid consumer key/secret, access token/secret, and the system clock is in sync.
<html>\n<head>\n<meta http-equiv="Content-Type" content="text/html; charset=utf-8"/>\n<title>Error 401 Unauthorized</title>
</head>
<body>
<h2>HTTP ERROR: 401</h2>
<p>Problem accessing '/1.1/statuses/filter.json'. Reason:
<pre>    Unauthorized</pre>
</body>
</html>

2021-04-10 14:07:37 [Twitter Stream consumer /  [1][Establishing connection]] INFO  twitter4j.TwitterStreamImpl - Waiting for 240000 milliseconds
2021-04-10 14:11:37 [Twitter Stream consumer /  [1][Waiting for 240000 milliseconds]] INFO  twitter4j.TwitterStreamImpl - Establishing connection.
2021-04-10 14:11:38 [Twitter Stream consumer /  [1][Establishing connection]] INFO  twitter4j.TwitterStreamImpl - 401:Authentication credentials (https://dev.twitter.com/pages/auth) were missing or incorrect. Ensure that you have set valid consumer key/secret, access token/secret, and the system clock is in sync.
<html>\n<head>\n<meta http-equiv="Content-Type" content="text/html; charset=utf-8"/>\n<title>Error 401 Unauthorized</title>
</head>
<body>
<h2>HTTP ERROR: 401</h2>
<p>Problem accessing '/1.1/statuses/filter.json'. Reason:
<pre>    Unauthorized</pre>
</body>
</html>

2021-04-10 14:11:38 [Twitter Stream consumer /  [1][Establishing connection]] INFO  twitter4j.TwitterStreamImpl - Waiting for 240000 milliseconds
2021-04-10 14:15:38 [Twitter Stream consumer /  [1][Waiting for 240000 milliseconds]] INFO  twitter4j.TwitterStreamImpl - Establishing connection.
2021-04-10 14:15:38 [Twitter Stream consumer /  [1][Establishing connection]] INFO  twitter4j.TwitterStreamImpl - 401:Authentication credentials (https://dev.twitter.com/pages/auth) were missing or incorrect. Ensure that you have set valid consumer key/secret, access token/secret, and the system clock is in sync.
<html>\n<head>\n<meta http-equiv="Content-Type" content="text/html; charset=utf-8"/>\n<title>Error 401 Unauthorized</title>
</head>
<body>
<h2>HTTP ERROR: 401</h2>
<p>Problem accessing '/1.1/statuses/filter.json'. Reason:
<pre>    Unauthorized</pre>
</body>
</html>

2021-04-10 14:15:38 [Twitter Stream consumer /  [1][Establishing connection]] INFO  twitter4j.TwitterStreamImpl - Waiting for 240000 milliseconds
2021-04-10 14:19:38 [Twitter Stream consumer /  [1][Waiting for 240000 milliseconds]] INFO  twitter4j.TwitterStreamImpl - Establishing connection.
2021-04-10 14:19:38 [Twitter Stream consumer /  [1][Establishing connection]] INFO  twitter4j.TwitterStreamImpl - 401:Authentication credentials (https://dev.twitter.com/pages/auth) were missing or incorrect. Ensure that you have set valid consumer key/secret, access token/secret, and the system clock is in sync.
<html>\n<head>\n<meta http-equiv="Content-Type" content="text/html; charset=utf-8"/>\n<title>Error 401 Unauthorized</title>
</head>
<body>
<h2>HTTP ERROR: 401</h2>
<p>Problem accessing '/1.1/statuses/filter.json'. Reason:
<pre>    Unauthorized</pre>
</body>
</html>

2021-04-10 14:19:38 [Twitter Stream consumer /  [1][Establishing connection]] INFO  twitter4j.TwitterStreamImpl - Waiting for 240000 milliseconds
2021-04-10 14:23:38 [Twitter Stream consumer /  [1][Waiting for 240000 milliseconds]] INFO  twitter4j.TwitterStreamImpl - Establishing connection.
2021-04-10 14:23:38 [Twitter Stream consumer /  [1][Establishing connection]] INFO  twitter4j.TwitterStreamImpl - 401:Authentication credentials (https://dev.twitter.com/pages/auth) were missing or incorrect. Ensure that you have set valid consumer key/secret, access token/secret, and the system clock is in sync.
<html>\n<head>\n<meta http-equiv="Content-Type" content="text/html; charset=utf-8"/>\n<title>Error 401 Unauthorized</title>
</head>
<body>
<h2>HTTP ERROR: 401</h2>
<p>Problem accessing '/1.1/statuses/filter.json'. Reason:
<pre>    Unauthorized</pre>
</body>
</html>

2021-04-10 14:23:38 [Twitter Stream consumer /  [1][Establishing connection]] INFO  twitter4j.TwitterStreamImpl - Waiting for 240000 milliseconds
2021-04-10 14:35:07 [Twitter Stream consumer /  [1][Waiting for 240000 milliseconds]] INFO  twitter4j.TwitterStreamImpl - Establishing connection.
2021-04-10 14:35:07 [Twitter Stream consumer /  [1][Establishing connection]] INFO  twitter4j.TwitterStreamImpl - 401:Authentication credentials (https://dev.twitter.com/pages/auth) were missing or incorrect. Ensure that you have set valid consumer key/secret, access token/secret, and the system clock is in sync.
<html>\n<head>\n<meta http-equiv="Content-Type" content="text/html; charset=utf-8"/>\n<title>Error 401 Unauthorized</title>
</head>
<body>
<h2>HTTP ERROR: 401</h2>
<p>Problem accessing '/1.1/statuses/filter.json'. Reason:
<pre>    Unauthorized</pre>
</body>
</html>

2021-04-10 14:35:07 [Twitter Stream consumer /  [1][Establishing connection]] INFO  twitter4j.TwitterStreamImpl - Waiting for 240000 milliseconds
2021-04-10 14:39:07 [Twitter Stream consumer /  [1][Waiting for 240000 milliseconds]] INFO  twitter4j.TwitterStreamImpl - Establishing connection.
2021-04-10 14:39:08 [Twitter Stream consumer /  [1][Establishing connection]] INFO  twitter4j.TwitterStreamImpl - 401:Authentication credentials (https://dev.twitter.com/pages/auth) were missing or incorrect. Ensure that you have set valid consumer key/secret, access token/secret, and the system clock is in sync.
<html>\n<head>\n<meta http-equiv="Content-Type" content="text/html; charset=utf-8"/>\n<title>Error 401 Unauthorized</title>
</head>
<body>
<h2>HTTP ERROR: 401</h2>
<p>Problem accessing '/1.1/statuses/filter.json'. Reason:
<pre>    Unauthorized</pre>
</body>
</html>

2021-04-10 14:39:08 [Twitter Stream consumer /  [1][Establishing connection]] INFO  twitter4j.TwitterStreamImpl - Waiting for 240000 milliseconds
2021-04-10 14:43:08 [Twitter Stream consumer /  [1][Waiting for 240000 milliseconds]] INFO  twitter4j.TwitterStreamImpl - Establishing connection.
2021-04-10 14:43:08 [Twitter Stream consumer /  [1][Establishing connection]] INFO  twitter4j.TwitterStreamImpl - 401:Authentication credentials (https://dev.twitter.com/pages/auth) were missing or incorrect. Ensure that you have set valid consumer key/secret, access token/secret, and the system clock is in sync.
<html>\n<head>\n<meta http-equiv="Content-Type" content="text/html; charset=utf-8"/>\n<title>Error 401 Unauthorized</title>
</head>
<body>
<h2>HTTP ERROR: 401</h2>
<p>Problem accessing '/1.1/statuses/filter.json'. Reason:
<pre>    Unauthorized</pre>
</body>
</html>

2021-04-10 14:43:08 [Twitter Stream consumer /  [1][Establishing connection]] INFO  twitter4j.TwitterStreamImpl - Waiting for 240000 milliseconds
2021-04-10 14:47:08 [Twitter Stream consumer /  [1][Waiting for 240000 milliseconds]] INFO  twitter4j.TwitterStreamImpl - Establishing connection.
2021-04-10 14:47:08 [Twitter Stream consumer /  [1][Establishing connection]] INFO  twitter4j.TwitterStreamImpl - 401:Authentication credentials (https://dev.twitter.com/pages/auth) were missing or incorrect. Ensure that you have set valid consumer key/secret, access token/secret, and the system clock is in sync.
<html>\n<head>\n<meta http-equiv="Content-Type" content="text/html; charset=utf-8"/>\n<title>Error 401 Unauthorized</title>
</head>
<body>
<h2>HTTP ERROR: 401</h2>
<p>Problem accessing '/1.1/statuses/filter.json'. Reason:
<pre>    Unauthorized</pre>
</body>
</html>

2021-04-10 14:47:08 [Twitter Stream consumer /  [1][Establishing connection]] INFO  twitter4j.TwitterStreamImpl - Waiting for 240000 milliseconds
2021-04-10 14:51:08 [Twitter Stream consumer /  [1][Waiting for 240000 milliseconds]] INFO  twitter4j.TwitterStreamImpl - Establishing connection.
2021-04-10 14:51:09 [Twitter Stream consumer /  [1][Establishing connection]] INFO  twitter4j.TwitterStreamImpl - 401:Authentication credentials (https://dev.twitter.com/pages/auth) were missing or incorrect. Ensure that you have set valid consumer key/secret, access token/secret, and the system clock is in sync.
<html>\n<head>\n<meta http-equiv="Content-Type" content="text/html; charset=utf-8"/>\n<title>Error 401 Unauthorized</title>
</head>
<body>
<h2>HTTP ERROR: 401</h2>
<p>Problem accessing '/1.1/statuses/filter.json'. Reason:
<pre>    Unauthorized</pre>
</body>
</html>

2021-04-10 14:51:09 [Twitter Stream consumer /  [1][Establishing connection]] INFO  twitter4j.TwitterStreamImpl - Waiting for 240000 milliseconds
2021-04-10 14:59:07 [Twitter Stream consumer /  [1][Waiting for 240000 milliseconds]] INFO  twitter4j.TwitterStreamImpl - Establishing connection.
2021-04-10 14:59:07 [Twitter Stream consumer /  [1][Establishing connection]] INFO  twitter4j.TwitterStreamImpl - 401:Authentication credentials (https://dev.twitter.com/pages/auth) were missing or incorrect. Ensure that you have set valid consumer key/secret, access token/secret, and the system clock is in sync.
<html>\n<head>\n<meta http-equiv="Content-Type" content="text/html; charset=utf-8"/>\n<title>Error 401 Unauthorized</title>
</head>
<body>
<h2>HTTP ERROR: 401</h2>
<p>Problem accessing '/1.1/statuses/filter.json'. Reason:
<pre>    Unauthorized</pre>
</body>
</html>

2021-04-10 14:59:07 [Twitter Stream consumer /  [1][Establishing connection]] INFO  twitter4j.TwitterStreamImpl - Waiting for 240000 milliseconds
2021-04-10 15:03:07 [Twitter Stream consumer /  [1][Waiting for 240000 milliseconds]] INFO  twitter4j.TwitterStreamImpl - Establishing connection.
2021-04-10 15:03:07 [Twitter Stream consumer /  [1][Establishing connection]] INFO  twitter4j.TwitterStreamImpl - 401:Authentication credentials (https://dev.twitter.com/pages/auth) were missing or incorrect. Ensure that you have set valid consumer key/secret, access token/secret, and the system clock is in sync.
<html>\n<head>\n<meta http-equiv="Content-Type" content="text/html; charset=utf-8"/>\n<title>Error 401 Unauthorized</title>
</head>
<body>
<h2>HTTP ERROR: 401</h2>
<p>Problem accessing '/1.1/statuses/filter.json'. Reason:
<pre>    Unauthorized</pre>
</body>
</html>

2021-04-10 15:03:07 [Twitter Stream consumer /  [1][Establishing connection]] INFO  twitter4j.TwitterStreamImpl - Waiting for 240000 milliseconds
2021-04-10 15:07:07 [Twitter Stream consumer /  [1][Waiting for 240000 milliseconds]] INFO  twitter4j.TwitterStreamImpl - Establishing connection.
2021-04-10 15:07:08 [Twitter Stream consumer /  [1][Establishing connection]] INFO  twitter4j.TwitterStreamImpl - 401:Authentication credentials (https://dev.twitter.com/pages/auth) were missing or incorrect. Ensure that you have set valid consumer key/secret, access token/secret, and the system clock is in sync.
<html>\n<head>\n<meta http-equiv="Content-Type" content="text/html; charset=utf-8"/>\n<title>Error 401 Unauthorized</title>
</head>
<body>
<h2>HTTP ERROR: 401</h2>
<p>Problem accessing '/1.1/statuses/filter.json'. Reason:
<pre>    Unauthorized</pre>
</body>
</html>

2021-04-10 15:07:08 [Twitter Stream consumer /  [1][Establishing connection]] INFO  twitter4j.TwitterStreamImpl - Waiting for 240000 milliseconds
2021-04-10 15:11:08 [Twitter Stream consumer /  [1][Waiting for 240000 milliseconds]] INFO  twitter4j.TwitterStreamImpl - Establishing connection.
2021-04-10 15:11:08 [Twitter Stream consumer /  [1][Establishing connection]] INFO  twitter4j.TwitterStreamImpl - 401:Authentication credentials (https://dev.twitter.com/pages/auth) were missing or incorrect. Ensure that you have set valid consumer key/secret, access token/secret, and the system clock is in sync.
<html>\n<head>\n<meta http-equiv="Content-Type" content="text/html; charset=utf-8"/>\n<title>Error 401 Unauthorized</title>
</head>
<body>
<h2>HTTP ERROR: 401</h2>
<p>Problem accessing '/1.1/statuses/filter.json'. Reason:
<pre>    Unauthorized</pre>
</body>
</html>

2021-04-10 15:11:08 [Twitter Stream consumer /  [1][Establishing connection]] INFO  twitter4j.TwitterStreamImpl - Waiting for 240000 milliseconds
2021-04-10 15:15:08 [Twitter Stream consumer /  [1][Waiting for 240000 milliseconds]] INFO  twitter4j.TwitterStreamImpl - Establishing connection.
2021-04-10 15:15:08 [Twitter Stream consumer /  [1][Establishing connection]] INFO  twitter4j.TwitterStreamImpl - 401:Authentication credentials (https://dev.twitter.com/pages/auth) were missing or incorrect. Ensure that you have set valid consumer key/secret, access token/secret, and the system clock is in sync.
<html>\n<head>\n<meta http-equiv="Content-Type" content="text/html; charset=utf-8"/>\n<title>Error 401 Unauthorized</title>
</head>
<body>
<h2>HTTP ERROR: 401</h2>
<p>Problem accessing '/1.1/statuses/filter.json'. Reason:
<pre>    Unauthorized</pre>
</body>
</html>

2021-04-10 15:15:08 [Twitter Stream consumer /  [1][Establishing connection]] INFO  twitter4j.TwitterStreamImpl - Waiting for 240000 milliseconds
2021-04-10 15:19:08 [Twitter Stream consumer /  [1][Waiting for 240000 milliseconds]] INFO  twitter4j.TwitterStreamImpl - Establishing connection.
2021-04-10 15:19:08 [Twitter Stream consumer /  [1][Establishing connection]] INFO  twitter4j.TwitterStreamImpl - 401:Authentication credentials (https://dev.twitter.com/pages/auth) were missing or incorrect. Ensure that you have set valid consumer key/secret, access token/secret, and the system clock is in sync.
<html>\n<head>\n<meta http-equiv="Content-Type" content="text/html; charset=utf-8"/>\n<title>Error 401 Unauthorized</title>
</head>
<body>
<h2>HTTP ERROR: 401</h2>
<p>Problem accessing '/1.1/statuses/filter.json'. Reason:
<pre>    Unauthorized</pre>
</body>
</html>

2021-04-10 15:19:08 [Twitter Stream consumer /  [1][Establishing connection]] INFO  twitter4j.TwitterStreamImpl - Waiting for 240000 milliseconds
2021-04-10 15:23:08 [Twitter Stream consumer /  [1][Waiting for 240000 milliseconds]] INFO  twitter4j.TwitterStreamImpl - Establishing connection.
2021-04-10 15:23:08 [Twitter Stream consumer /  [1][Establishing connection]] INFO  twitter4j.TwitterStreamImpl - 401:Authentication credentials (https://dev.twitter.com/pages/auth) were missing or incorrect. Ensure that you have set valid consumer key/secret, access token/secret, and the system clock is in sync.
<html>\n<head>\n<meta http-equiv="Content-Type" content="text/html; charset=utf-8"/>\n<title>Error 401 Unauthorized</title>
</head>
<body>
<h2>HTTP ERROR: 401</h2>
<p>Problem accessing '/1.1/statuses/filter.json'. Reason:
<pre>    Unauthorized</pre>
</body>
</html>

2021-04-10 15:23:08 [Twitter Stream consumer /  [1][Establishing connection]] INFO  twitter4j.TwitterStreamImpl - Waiting for 240000 milliseconds
2021-04-10 15:27:08 [Twitter Stream consumer /  [1][Waiting for 240000 milliseconds]] INFO  twitter4j.TwitterStreamImpl - Establishing connection.
2021-04-10 15:27:09 [Twitter Stream consumer /  [1][Establishing connection]] INFO  twitter4j.TwitterStreamImpl - 401:Authentication credentials (https://dev.twitter.com/pages/auth) were missing or incorrect. Ensure that you have set valid consumer key/secret, access token/secret, and the system clock is in sync.
<html>\n<head>\n<meta http-equiv="Content-Type" content="text/html; charset=utf-8"/>\n<title>Error 401 Unauthorized</title>
</head>
<body>
<h2>HTTP ERROR: 401</h2>
<p>Problem accessing '/1.1/statuses/filter.json'. Reason:
<pre>    Unauthorized</pre>
</body>
</html>

2021-04-10 15:27:09 [Twitter Stream consumer /  [1][Establishing connection]] INFO  twitter4j.TwitterStreamImpl - Waiting for 240000 milliseconds
2021-04-10 15:31:09 [Twitter Stream consumer /  [1][Waiting for 240000 milliseconds]] INFO  twitter4j.TwitterStreamImpl - Establishing connection.
2021-04-10 15:31:09 [Twitter Stream consumer /  [1][Establishing connection]] INFO  twitter4j.TwitterStreamImpl - 401:Authentication credentials (https://dev.twitter.com/pages/auth) were missing or incorrect. Ensure that you have set valid consumer key/secret, access token/secret, and the system clock is in sync.
<html>\n<head>\n<meta http-equiv="Content-Type" content="text/html; charset=utf-8"/>\n<title>Error 401 Unauthorized</title>
</head>
<body>
<h2>HTTP ERROR: 401</h2>
<p>Problem accessing '/1.1/statuses/filter.json'. Reason:
<pre>    Unauthorized</pre>
</body>
</html>

2021-04-10 15:31:09 [Twitter Stream consumer /  [1][Establishing connection]] INFO  twitter4j.TwitterStreamImpl - Waiting for 240000 milliseconds
2021-04-10 15:35:09 [Twitter Stream consumer /  [1][Waiting for 240000 milliseconds]] INFO  twitter4j.TwitterStreamImpl - Establishing connection.
2021-04-10 15:35:09 [Twitter Stream consumer /  [1][Establishing connection]] INFO  twitter4j.TwitterStreamImpl - 401:Authentication credentials (https://dev.twitter.com/pages/auth) were missing or incorrect. Ensure that you have set valid consumer key/secret, access token/secret, and the system clock is in sync.
<html>\n<head>\n<meta http-equiv="Content-Type" content="text/html; charset=utf-8"/>\n<title>Error 401 Unauthorized</title>
</head>
<body>
<h2>HTTP ERROR: 401</h2>
<p>Problem accessing '/1.1/statuses/filter.json'. Reason:
<pre>    Unauthorized</pre>
</body>
</html>

2021-04-10 15:35:09 [Twitter Stream consumer /  [1][Establishing connection]] INFO  twitter4j.TwitterStreamImpl - Waiting for 240000 milliseconds
2021-04-10 16:05:07 [Twitter Stream consumer /  [1][Waiting for 240000 milliseconds]] INFO  twitter4j.TwitterStreamImpl - Establishing connection.
2021-04-10 16:05:07 [Twitter Stream consumer /  [1][Establishing connection]] INFO  twitter4j.TwitterStreamImpl - 401:Authentication credentials (https://dev.twitter.com/pages/auth) were missing or incorrect. Ensure that you have set valid consumer key/secret, access token/secret, and the system clock is in sync.
<html>\n<head>\n<meta http-equiv="Content-Type" content="text/html; charset=utf-8"/>\n<title>Error 401 Unauthorized</title>
</head>
<body>
<h2>HTTP ERROR: 401</h2>
<p>Problem accessing '/1.1/statuses/filter.json'. Reason:
<pre>    Unauthorized</pre>
</body>
</html>

2021-04-10 16:05:07 [Twitter Stream consumer /  [1][Establishing connection]] INFO  twitter4j.TwitterStreamImpl - Waiting for 240000 milliseconds
2021-04-10 16:09:07 [Twitter Stream consumer /  [1][Waiting for 240000 milliseconds]] INFO  twitter4j.TwitterStreamImpl - Establishing connection.
2021-04-10 16:09:07 [Twitter Stream consumer /  [1][Establishing connection]] INFO  twitter4j.TwitterStreamImpl - 401:Authentication credentials (https://dev.twitter.com/pages/auth) were missing or incorrect. Ensure that you have set valid consumer key/secret, access token/secret, and the system clock is in sync.
<html>\n<head>\n<meta http-equiv="Content-Type" content="text/html; charset=utf-8"/>\n<title>Error 401 Unauthorized</title>
</head>
<body>
<h2>HTTP ERROR: 401</h2>
<p>Problem accessing '/1.1/statuses/filter.json'. Reason:
<pre>    Unauthorized</pre>
</body>
</html>

2021-04-10 16:09:07 [Twitter Stream consumer /  [1][Establishing connection]] INFO  twitter4j.TwitterStreamImpl - Waiting for 240000 milliseconds
2021-04-10 16:13:07 [Twitter Stream consumer /  [1][Waiting for 240000 milliseconds]] INFO  twitter4j.TwitterStreamImpl - Establishing connection.
2021-04-10 16:13:07 [Twitter Stream consumer /  [1][Establishing connection]] INFO  twitter4j.TwitterStreamImpl - 401:Authentication credentials (https://dev.twitter.com/pages/auth) were missing or incorrect. Ensure that you have set valid consumer key/secret, access token/secret, and the system clock is in sync.
<html>\n<head>\n<meta http-equiv="Content-Type" content="text/html; charset=utf-8"/>\n<title>Error 401 Unauthorized</title>
</head>
<body>
<h2>HTTP ERROR: 401</h2>
<p>Problem accessing '/1.1/statuses/filter.json'. Reason:
<pre>    Unauthorized</pre>
</body>
</html>

2021-04-10 16:13:07 [Twitter Stream consumer /  [1][Establishing connection]] INFO  twitter4j.TwitterStreamImpl - Waiting for 240000 milliseconds
2021-04-10 16:17:07 [Twitter Stream consumer /  [1][Waiting for 240000 milliseconds]] INFO  twitter4j.TwitterStreamImpl - Establishing connection.
2021-04-10 16:17:07 [Twitter Stream consumer /  [1][Establishing connection]] INFO  twitter4j.TwitterStreamImpl - 401:Authentication credentials (https://dev.twitter.com/pages/auth) were missing or incorrect. Ensure that you have set valid consumer key/secret, access token/secret, and the system clock is in sync.
<html>\n<head>\n<meta http-equiv="Content-Type" content="text/html; charset=utf-8"/>\n<title>Error 401 Unauthorized</title>
</head>
<body>
<h2>HTTP ERROR: 401</h2>
<p>Problem accessing '/1.1/statuses/filter.json'. Reason:
<pre>    Unauthorized</pre>
</body>
</html>

2021-04-10 16:17:07 [Twitter Stream consumer /  [1][Establishing connection]] INFO  twitter4j.TwitterStreamImpl - Waiting for 240000 milliseconds
2021-04-10 16:21:07 [Twitter Stream consumer /  [1][Waiting for 240000 milliseconds]] INFO  twitter4j.TwitterStreamImpl - Establishing connection.
2021-04-10 16:21:07 [Twitter Stream consumer /  [1][Establishing connection]] INFO  twitter4j.TwitterStreamImpl - 401:Authentication credentials (https://dev.twitter.com/pages/auth) were missing or incorrect. Ensure that you have set valid consumer key/secret, access token/secret, and the system clock is in sync.
<html>\n<head>\n<meta http-equiv="Content-Type" content="text/html; charset=utf-8"/>\n<title>Error 401 Unauthorized</title>
</head>
<body>
<h2>HTTP ERROR: 401</h2>
<p>Problem accessing '/1.1/statuses/filter.json'. Reason:
<pre>    Unauthorized</pre>
</body>
</html>

2021-04-10 16:21:07 [Twitter Stream consumer /  [1][Establishing connection]] INFO  twitter4j.TwitterStreamImpl - Waiting for 240000 milliseconds
2021-04-10 16:25:07 [Twitter Stream consumer /  [1][Waiting for 240000 milliseconds]] INFO  twitter4j.TwitterStreamImpl - Establishing connection.
2021-04-10 16:25:08 [Twitter Stream consumer /  [1][Establishing connection]] INFO  twitter4j.TwitterStreamImpl - 401:Authentication credentials (https://dev.twitter.com/pages/auth) were missing or incorrect. Ensure that you have set valid consumer key/secret, access token/secret, and the system clock is in sync.
<html>\n<head>\n<meta http-equiv="Content-Type" content="text/html; charset=utf-8"/>\n<title>Error 401 Unauthorized</title>
</head>
<body>
<h2>HTTP ERROR: 401</h2>
<p>Problem accessing '/1.1/statuses/filter.json'. Reason:
<pre>    Unauthorized</pre>
</body>
</html>

2021-04-10 16:25:08 [Twitter Stream consumer /  [1][Establishing connection]] INFO  twitter4j.TwitterStreamImpl - Waiting for 240000 milliseconds
2021-04-10 16:29:08 [Twitter Stream consumer /  [1][Waiting for 240000 milliseconds]] INFO  twitter4j.TwitterStreamImpl - Establishing connection.
2021-04-10 16:29:08 [Twitter Stream consumer /  [1][Establishing connection]] INFO  twitter4j.TwitterStreamImpl - 401:Authentication credentials (https://dev.twitter.com/pages/auth) were missing or incorrect. Ensure that you have set valid consumer key/secret, access token/secret, and the system clock is in sync.
<html>\n<head>\n<meta http-equiv="Content-Type" content="text/html; charset=utf-8"/>\n<title>Error 401 Unauthorized</title>
</head>
<body>
<h2>HTTP ERROR: 401</h2>
<p>Problem accessing '/1.1/statuses/filter.json'. Reason:
<pre>    Unauthorized</pre>
</body>
</html>

2021-04-10 16:29:08 [Twitter Stream consumer /  [1][Establishing connection]] INFO  twitter4j.TwitterStreamImpl - Waiting for 240000 milliseconds
2021-04-10 16:33:08 [Twitter Stream consumer /  [1][Waiting for 240000 milliseconds]] INFO  twitter4j.TwitterStreamImpl - Establishing connection.
2021-04-10 16:33:08 [Twitter Stream consumer /  [1][Establishing connection]] INFO  twitter4j.TwitterStreamImpl - 401:Authentication credentials (https://dev.twitter.com/pages/auth) were missing or incorrect. Ensure that you have set valid consumer key/secret, access token/secret, and the system clock is in sync.
<html>\n<head>\n<meta http-equiv="Content-Type" content="text/html; charset=utf-8"/>\n<title>Error 401 Unauthorized</title>
</head>
<body>
<h2>HTTP ERROR: 401</h2>
<p>Problem accessing '/1.1/statuses/filter.json'. Reason:
<pre>    Unauthorized</pre>
</body>
</html>

2021-04-10 16:33:08 [Twitter Stream consumer /  [1][Establishing connection]] INFO  twitter4j.TwitterStreamImpl - Waiting for 240000 milliseconds
2021-04-10 16:37:08 [Twitter Stream consumer /  [1][Waiting for 240000 milliseconds]] INFO  twitter4j.TwitterStreamImpl - Establishing connection.
2021-04-10 16:37:08 [Twitter Stream consumer /  [1][Establishing connection]] INFO  twitter4j.TwitterStreamImpl - 401:Authentication credentials (https://dev.twitter.com/pages/auth) were missing or incorrect. Ensure that you have set valid consumer key/secret, access token/secret, and the system clock is in sync.
<html>\n<head>\n<meta http-equiv="Content-Type" content="text/html; charset=utf-8"/>\n<title>Error 401 Unauthorized</title>
</head>
<body>
<h2>HTTP ERROR: 401</h2>
<p>Problem accessing '/1.1/statuses/filter.json'. Reason:
<pre>    Unauthorized</pre>
</body>
</html>

2021-04-10 16:37:08 [Twitter Stream consumer /  [1][Establishing connection]] INFO  twitter4j.TwitterStreamImpl - Waiting for 240000 milliseconds
2021-04-10 16:41:08 [Twitter Stream consumer /  [1][Waiting for 240000 milliseconds]] INFO  twitter4j.TwitterStreamImpl - Establishing connection.
2021-04-10 16:41:08 [Twitter Stream consumer /  [1][Establishing connection]] INFO  twitter4j.TwitterStreamImpl - 401:Authentication credentials (https://dev.twitter.com/pages/auth) were missing or incorrect. Ensure that you have set valid consumer key/secret, access token/secret, and the system clock is in sync.
<html>\n<head>\n<meta http-equiv="Content-Type" content="text/html; charset=utf-8"/>\n<title>Error 401 Unauthorized</title>
</head>
<body>
<h2>HTTP ERROR: 401</h2>
<p>Problem accessing '/1.1/statuses/filter.json'. Reason:
<pre>    Unauthorized</pre>
</body>
</html>

2021-04-10 16:41:08 [Twitter Stream consumer /  [1][Establishing connection]] INFO  twitter4j.TwitterStreamImpl - Waiting for 240000 milliseconds
2021-04-10 16:45:08 [Twitter Stream consumer /  [1][Waiting for 240000 milliseconds]] INFO  twitter4j.TwitterStreamImpl - Establishing connection.
2021-04-10 16:45:09 [Twitter Stream consumer /  [1][Establishing connection]] INFO  twitter4j.TwitterStreamImpl - 401:Authentication credentials (https://dev.twitter.com/pages/auth) were missing or incorrect. Ensure that you have set valid consumer key/secret, access token/secret, and the system clock is in sync.
<html>\n<head>\n<meta http-equiv="Content-Type" content="text/html; charset=utf-8"/>\n<title>Error 401 Unauthorized</title>
</head>
<body>
<h2>HTTP ERROR: 401</h2>
<p>Problem accessing '/1.1/statuses/filter.json'. Reason:
<pre>    Unauthorized</pre>
</body>
</html>

2021-04-10 16:45:09 [Twitter Stream consumer /  [1][Establishing connection]] INFO  twitter4j.TwitterStreamImpl - Waiting for 240000 milliseconds
2021-04-10 16:49:09 [Twitter Stream consumer /  [1][Waiting for 240000 milliseconds]] INFO  twitter4j.TwitterStreamImpl - Establishing connection.
2021-04-10 16:49:09 [Twitter Stream consumer /  [1][Establishing connection]] INFO  twitter4j.TwitterStreamImpl - 401:Authentication credentials (https://dev.twitter.com/pages/auth) were missing or incorrect. Ensure that you have set valid consumer key/secret, access token/secret, and the system clock is in sync.
<html>\n<head>\n<meta http-equiv="Content-Type" content="text/html; charset=utf-8"/>\n<title>Error 401 Unauthorized</title>
</head>
<body>
<h2>HTTP ERROR: 401</h2>
<p>Problem accessing '/1.1/statuses/filter.json'. Reason:
<pre>    Unauthorized</pre>
</body>
</html>

2021-04-10 16:49:09 [Twitter Stream consumer /  [1][Establishing connection]] INFO  twitter4j.TwitterStreamImpl - Waiting for 240000 milliseconds
2021-04-10 17:10:50 [Twitter Stream consumer /  [1][Waiting for 240000 milliseconds]] INFO  twitter4j.TwitterStreamImpl - Establishing connection.
2021-04-10 17:10:50 [Twitter Stream consumer /  [1][Establishing connection]] INFO  twitter4j.TwitterStreamImpl - 401:Authentication credentials (https://dev.twitter.com/pages/auth) were missing or incorrect. Ensure that you have set valid consumer key/secret, access token/secret, and the system clock is in sync.
<html>\n<head>\n<meta http-equiv="Content-Type" content="text/html; charset=utf-8"/>\n<title>Error 401 Unauthorized</title>
</head>
<body>
<h2>HTTP ERROR: 401</h2>
<p>Problem accessing '/1.1/statuses/filter.json'. Reason:
<pre>    Unauthorized</pre>
</body>
</html>

2021-04-10 17:10:50 [Twitter Stream consumer /  [1][Establishing connection]] INFO  twitter4j.TwitterStreamImpl - Waiting for 240000 milliseconds
2021-04-10 17:14:50 [Twitter Stream consumer /  [1][Waiting for 240000 milliseconds]] INFO  twitter4j.TwitterStreamImpl - Establishing connection.
2021-04-10 17:14:51 [Twitter Stream consumer /  [1][Establishing connection]] INFO  twitter4j.TwitterStreamImpl - 401:Authentication credentials (https://dev.twitter.com/pages/auth) were missing or incorrect. Ensure that you have set valid consumer key/secret, access token/secret, and the system clock is in sync.
<html>\n<head>\n<meta http-equiv="Content-Type" content="text/html; charset=utf-8"/>\n<title>Error 401 Unauthorized</title>
</head>
<body>
<h2>HTTP ERROR: 401</h2>
<p>Problem accessing '/1.1/statuses/filter.json'. Reason:
<pre>    Unauthorized</pre>
</body>
</html>

2021-04-10 17:14:51 [Twitter Stream consumer /  [1][Establishing connection]] INFO  twitter4j.TwitterStreamImpl - Waiting for 240000 milliseconds
2021-04-10 17:18:51 [Twitter Stream consumer /  [1][Waiting for 240000 milliseconds]] INFO  twitter4j.TwitterStreamImpl - Establishing connection.
2021-04-10 17:18:51 [Twitter Stream consumer /  [1][Establishing connection]] INFO  twitter4j.TwitterStreamImpl - 401:Authentication credentials (https://dev.twitter.com/pages/auth) were missing or incorrect. Ensure that you have set valid consumer key/secret, access token/secret, and the system clock is in sync.
<html>\n<head>\n<meta http-equiv="Content-Type" content="text/html; charset=utf-8"/>\n<title>Error 401 Unauthorized</title>
</head>
<body>
<h2>HTTP ERROR: 401</h2>
<p>Problem accessing '/1.1/statuses/filter.json'. Reason:
<pre>    Unauthorized</pre>
</body>
</html>

2021-04-10 17:18:51 [Twitter Stream consumer /  [1][Establishing connection]] INFO  twitter4j.TwitterStreamImpl - Waiting for 240000 milliseconds
2021-04-10 17:22:51 [Twitter Stream consumer /  [1][Waiting for 240000 milliseconds]] INFO  twitter4j.TwitterStreamImpl - Establishing connection.
2021-04-10 17:22:51 [Twitter Stream consumer /  [1][Establishing connection]] INFO  twitter4j.TwitterStreamImpl - 401:Authentication credentials (https://dev.twitter.com/pages/auth) were missing or incorrect. Ensure that you have set valid consumer key/secret, access token/secret, and the system clock is in sync.
<html>\n<head>\n<meta http-equiv="Content-Type" content="text/html; charset=utf-8"/>\n<title>Error 401 Unauthorized</title>
</head>
<body>
<h2>HTTP ERROR: 401</h2>
<p>Problem accessing '/1.1/statuses/filter.json'. Reason:
<pre>    Unauthorized</pre>
</body>
</html>

2021-04-10 17:22:51 [Twitter Stream consumer /  [1][Establishing connection]] INFO  twitter4j.TwitterStreamImpl - Waiting for 240000 milliseconds
2021-04-10 17:38:02 [Twitter Stream consumer /  [1][Waiting for 240000 milliseconds]] INFO  twitter4j.TwitterStreamImpl - Establishing connection.
2021-04-10 17:38:02 [Twitter Stream consumer /  [1][Establishing connection]] INFO  twitter4j.TwitterStreamImpl - 401:Authentication credentials (https://dev.twitter.com/pages/auth) were missing or incorrect. Ensure that you have set valid consumer key/secret, access token/secret, and the system clock is in sync.
<html>\n<head>\n<meta http-equiv="Content-Type" content="text/html; charset=utf-8"/>\n<title>Error 401 Unauthorized</title>
</head>
<body>
<h2>HTTP ERROR: 401</h2>
<p>Problem accessing '/1.1/statuses/filter.json'. Reason:
<pre>    Unauthorized</pre>
</body>
</html>

2021-04-10 17:38:02 [Twitter Stream consumer /  [1][Establishing connection]] INFO  twitter4j.TwitterStreamImpl - Waiting for 240000 milliseconds
2021-04-10 17:42:02 [Twitter Stream consumer /  [1][Waiting for 240000 milliseconds]] INFO  twitter4j.TwitterStreamImpl - Establishing connection.
2021-04-10 17:42:02 [Twitter Stream consumer /  [1][Establishing connection]] INFO  twitter4j.TwitterStreamImpl - 401:Authentication credentials (https://dev.twitter.com/pages/auth) were missing or incorrect. Ensure that you have set valid consumer key/secret, access token/secret, and the system clock is in sync.
<html>\n<head>\n<meta http-equiv="Content-Type" content="text/html; charset=utf-8"/>\n<title>Error 401 Unauthorized</title>
</head>
<body>
<h2>HTTP ERROR: 401</h2>
<p>Problem accessing '/1.1/statuses/filter.json'. Reason:
<pre>    Unauthorized</pre>
</body>
</html>

2021-04-10 17:42:02 [Twitter Stream consumer /  [1][Establishing connection]] INFO  twitter4j.TwitterStreamImpl - Waiting for 240000 milliseconds
2021-04-10 17:49:25 [Twitter Stream consumer /  [1][Waiting for 240000 milliseconds]] INFO  twitter4j.TwitterStreamImpl - Establishing connection.
2021-04-10 17:49:25 [Twitter Stream consumer /  [1][Establishing connection]] INFO  twitter4j.TwitterStreamImpl - 401:Authentication credentials (https://dev.twitter.com/pages/auth) were missing or incorrect. Ensure that you have set valid consumer key/secret, access token/secret, and the system clock is in sync.
<html>\n<head>\n<meta http-equiv="Content-Type" content="text/html; charset=utf-8"/>\n<title>Error 401 Unauthorized</title>
</head>
<body>
<h2>HTTP ERROR: 401</h2>
<p>Problem accessing '/1.1/statuses/filter.json'. Reason:
<pre>    Unauthorized</pre>
</body>
</html>

2021-04-10 17:49:25 [Twitter Stream consumer /  [1][Establishing connection]] INFO  twitter4j.TwitterStreamImpl - Waiting for 240000 milliseconds
